2025-09-26 15:28:38 | INFO | {'message': 'I just shared travel! It was amazing.', 'author': 'Eve', 'timestamp': '2025-09-26 15:28:38', 'category': 'travel', 'sentiment': 0.76, 'keyword_mentioned': 'travel', 'message_length': 37}
2025-09-26 15:28:43 | INFO | {'message': 'I just saw a story! It was exciting.', 'author': 'Bob', 'timestamp': '2025-09-26 15:28:43', 'category': 'other', 'sentiment': 0.56, 'keyword_mentioned': 'other', 'message_length': 36}
2025-09-26 15:28:48 | INFO | {'message': 'I just saw travel! It was boring.', 'author': 'Bob', 'timestamp': '2025-09-26 15:28:48', 'category': 'travel', 'sentiment': 0.22, 'keyword_mentioned': 'travel', 'message_length': 33}
2025-09-26 15:28:53 | INFO | {'message': 'I just saw JavaScript! It was boring.', 'author': 'Charlie', 'timestamp': '2025-09-26 15:28:53', 'category': 'tech', 'sentiment': 0.95, 'keyword_mentioned': 'JavaScript', 'message_length': 37}
2025-09-26 15:28:58 | INFO | {'message': 'I just shared a meme! It was exciting.', 'author': 'Alice', 'timestamp': '2025-09-26 15:28:58', 'category': 'humor', 'sentiment': 0.5, 'keyword_mentioned': 'meme', 'message_length': 38}
2025-09-26 15:29:03 | INFO | {'message': 'I just found recipe! It was exciting.', 'author': 'Alice', 'timestamp': '2025-09-26 15:29:03', 'category': 'food', 'sentiment': 0.02, 'keyword_mentioned': 'recipe', 'message_length': 37}
2025-09-26 15:29:08 | INFO | {'message': 'I just saw a trick! It was amazing.', 'author': 'Eve', 'timestamp': '2025-09-26 15:29:08', 'category': 'other', 'sentiment': 0.53, 'keyword_mentioned': 'other', 'message_length': 35}
2025-09-26 15:29:13 | INFO | {'message': 'I just loved recipe! It was weird.', 'author': 'Eve', 'timestamp': '2025-09-26 15:29:13', 'category': 'food', 'sentiment': 0.88, 'keyword_mentioned': 'recipe', 'message_length': 34}
2025-09-26 15:29:18 | INFO | {'message': 'I just saw a story! It was weird.', 'author': 'Alice', 'timestamp': '2025-09-26 15:29:18', 'category': 'other', 'sentiment': 0.96, 'keyword_mentioned': 'other', 'message_length': 33}
2025-09-26 15:29:23 | INFO | {'message': 'I just saw recipe! It was boring.', 'author': 'Alice', 'timestamp': '2025-09-26 15:29:23', 'category': 'food', 'sentiment': 0.34, 'keyword_mentioned': 'recipe', 'message_length': 33}
2025-09-26 15:29:28 | INFO | {'message': 'I just saw a trick! It was exciting.', 'author': 'Eve', 'timestamp': '2025-09-26 15:29:28', 'category': 'other', 'sentiment': 0.53, 'keyword_mentioned': 'other', 'message_length': 36}
2025-09-26 15:29:33 | INFO | {'message': 'I just loved Python! It was weird.', 'author': 'Alice', 'timestamp': '2025-09-26 15:29:33', 'category': 'tech', 'sentiment': 0.41, 'keyword_mentioned': 'Python', 'message_length': 34}
2025-09-26 15:29:38 | INFO | {'message': 'I just shared a story! It was exciting.', 'author': 'Charlie', 'timestamp': '2025-09-26 15:29:38', 'category': 'other', 'sentiment': 0.58, 'keyword_mentioned': 'other', 'message_length': 39}
2025-09-26 15:29:43 | INFO | {'message': 'I just loved travel! It was funny.', 'author': 'Eve', 'timestamp': '2025-09-26 15:29:43', 'category': 'travel', 'sentiment': 0.02, 'keyword_mentioned': 'travel', 'message_length': 34}
2025-09-26 15:29:48 | INFO | {'message': 'I just shared travel! It was amazing.', 'author': 'Bob', 'timestamp': '2025-09-26 15:29:48', 'category': 'travel', 'sentiment': 0.96, 'keyword_mentioned': 'travel', 'message_length': 37}
2025-09-26 15:29:53 | INFO | {'message': 'I just saw travel! It was weird.', 'author': 'Eve', 'timestamp': '2025-09-26 15:29:53', 'category': 'travel', 'sentiment': 0.85, 'keyword_mentioned': 'travel', 'message_length': 32}
2025-09-26 15:29:58 | INFO | {'message': 'I just saw an app! It was weird.', 'author': 'Alice', 'timestamp': '2025-09-26 15:29:58', 'category': 'other', 'sentiment': 0.55, 'keyword_mentioned': 'other', 'message_length': 32}
2025-09-26 15:30:03 | INFO | {'message': 'I just found a story! It was weird.', 'author': 'Alice', 'timestamp': '2025-09-26 15:30:03', 'category': 'other', 'sentiment': 0.85, 'keyword_mentioned': 'other', 'message_length': 35}
2025-09-26 15:30:09 | INFO | {'message': 'I just tried JavaScript! It was boring.', 'author': 'Alice', 'timestamp': '2025-09-26 15:30:09', 'category': 'tech', 'sentiment': 0.25, 'keyword_mentioned': 'JavaScript', 'message_length': 39}
2025-09-26 15:30:14 | INFO | {'message': 'I just found a movie! It was boring.', 'author': 'Alice', 'timestamp': '2025-09-26 15:30:14', 'category': 'entertainment', 'sentiment': 0.33, 'keyword_mentioned': 'movie', 'message_length': 36}
2025-09-26 15:30:19 | INFO | {'message': 'I just saw a movie! It was amazing.', 'author': 'Eve', 'timestamp': '2025-09-26 15:30:19', 'category': 'entertainment', 'sentiment': 0.08, 'keyword_mentioned': 'movie', 'message_length': 35}
2025-09-26 15:30:24 | INFO | {'message': 'I just found a story! It was weird.', 'author': 'Charlie', 'timestamp': '2025-09-26 15:30:24', 'category': 'other', 'sentiment': 0.52, 'keyword_mentioned': 'other', 'message_length': 35}
2025-09-26 15:30:29 | INFO | {'message': 'I just shared an app! It was funny.', 'author': 'Bob', 'timestamp': '2025-09-26 15:30:29', 'category': 'other', 'sentiment': 0.03, 'keyword_mentioned': 'other', 'message_length': 35}
2025-09-26 15:30:34 | INFO | {'message': 'I just shared Python! It was amazing.', 'author': 'Alice', 'timestamp': '2025-09-26 15:30:34', 'category': 'tech', 'sentiment': 0.88, 'keyword_mentioned': 'Python', 'message_length': 37}
2025-09-26 15:30:39 | INFO | {'message': 'I just saw a story! It was boring.', 'author': 'Charlie', 'timestamp': '2025-09-26 15:30:39', 'category': 'other', 'sentiment': 0.24, 'keyword_mentioned': 'other', 'message_length': 34}
2025-09-26 15:30:44 | INFO | {'message': 'I just tried Python! It was amazing.', 'author': 'Alice', 'timestamp': '2025-09-26 15:30:44', 'category': 'tech', 'sentiment': 0.01, 'keyword_mentioned': 'Python', 'message_length': 36}
2025-09-26 15:30:49 | INFO | {'message': 'I just tried a movie! It was weird.', 'author': 'Charlie', 'timestamp': '2025-09-26 15:30:49', 'category': 'entertainment', 'sentiment': 0.32, 'keyword_mentioned': 'movie', 'message_length': 35}
2025-09-26 15:30:54 | INFO | {'message': 'I just found a story! It was funny.', 'author': 'Charlie', 'timestamp': '2025-09-26 15:30:54', 'category': 'other', 'sentiment': 0.43, 'keyword_mentioned': 'other', 'message_length': 35}
2025-09-26 15:30:59 | INFO | {'message': 'I just loved an app! It was amazing.', 'author': 'Bob', 'timestamp': '2025-09-26 15:30:59', 'category': 'other', 'sentiment': 0.16, 'keyword_mentioned': 'other', 'message_length': 36}
2025-09-26 15:31:04 | INFO | {'message': 'I just saw a meme! It was weird.', 'author': 'Bob', 'timestamp': '2025-09-26 15:31:04', 'category': 'humor', 'sentiment': 0.15, 'keyword_mentioned': 'meme', 'message_length': 32}
2025-09-26 15:31:09 | INFO | {'message': 'I just found a meme! It was exciting.', 'author': 'Bob', 'timestamp': '2025-09-26 15:31:09', 'category': 'humor', 'sentiment': 0.27, 'keyword_mentioned': 'meme', 'message_length': 37}
2025-09-26 15:31:50 | INFO | Logging to file: logs/project_log.log
2025-09-26 15:31:50 | INFO | Log sanitization enabled, personal info removed
2025-09-26 15:31:50 | INFO | Starting Producer to run continuously.
2025-09-26 15:31:50 | INFO | Use Ctrl+C to stop.
2025-09-26 15:31:50 | INFO | MESSAGE_INTERVAL_SECONDS: 5
2025-09-26 15:31:50 | INFO | BUZZ_TOPIC: buzzline
2025-09-26 15:31:50 | INFO | KAFKA_BROKER_ADDRESS: 127.0.0.1:9092
2025-09-26 15:31:50 | INFO | BASE_DATA_DIR: C:/Users/USER/buzzline-05-kabore/data
2025-09-26 15:31:50 | INFO | LIVE_DATA_PATH: C:/Users/USER/buzzline-05-kabore/data/project_live.json
2025-09-26 15:31:50 | INFO | BASE_DATA_DIR: C:/Users/USER/buzzline-05-kabore/data
2025-09-26 15:31:50 | INFO | SQLITE_PATH: C:/Users/USER/buzzline-05-kabore/data/buzz.sqlite
2025-09-26 15:31:50 | INFO | Deleted existing live data file.
2025-09-26 15:31:50 | INFO | Kafka broker address: localhost:9092
2025-09-26 15:31:51 | INFO | Kafka is ready. Brokers: {'throttle_time_ms': 0, 'brokers': [{'node_id': 1, 'host': 'localhost', 'port': 9092, 'rack': None}], 'cluster_id': 'SMuszGUlSmWzBR_KmgwvGg', 'controller_id': 1}
2025-09-26 15:31:53 | WARNING | WARNING: Kafka setup failed: NoBrokersAvailable
2025-09-26 15:31:53 | INFO | {'message': 'I just loved a trick! It was funny.', 'author': 'Charlie', 'timestamp': '2025-09-26 15:31:53', 'category': 'other', 'sentiment': 0.46, 'keyword_mentioned': 'other', 'message_length': 35}
2025-09-26 15:31:58 | INFO | {'message': 'I just found travel! It was funny.', 'author': 'Bob', 'timestamp': '2025-09-26 15:31:58', 'category': 'travel', 'sentiment': 0.52, 'keyword_mentioned': 'travel', 'message_length': 34}
2025-09-26 15:32:03 | INFO | {'message': 'I just shared a story! It was amazing.', 'author': 'Charlie', 'timestamp': '2025-09-26 15:32:03', 'category': 'other', 'sentiment': 0.39, 'keyword_mentioned': 'other', 'message_length': 38}
2025-09-26 15:32:08 | INFO | {'message': 'I just shared recipe! It was amazing.', 'author': 'Eve', 'timestamp': '2025-09-26 15:32:08', 'category': 'food', 'sentiment': 0.9, 'keyword_mentioned': 'recipe', 'message_length': 37}
2025-09-26 15:32:13 | INFO | {'message': 'I just loved travel! It was weird.', 'author': 'Alice', 'timestamp': '2025-09-26 15:32:13', 'category': 'travel', 'sentiment': 0.32, 'keyword_mentioned': 'travel', 'message_length': 34}
2025-09-26 15:32:18 | INFO | {'message': 'I just shared an app! It was amazing.', 'author': 'Charlie', 'timestamp': '2025-09-26 15:32:18', 'category': 'other', 'sentiment': 0.05, 'keyword_mentioned': 'other', 'message_length': 37}
2025-09-26 15:32:23 | INFO | {'message': 'I just shared game! It was boring.', 'author': 'Alice', 'timestamp': '2025-09-26 15:32:23', 'category': 'gaming', 'sentiment': 0.52, 'keyword_mentioned': 'game', 'message_length': 34}
2025-09-26 15:32:28 | INFO | {'message': 'I just shared a story! It was amazing.', 'author': 'Charlie', 'timestamp': '2025-09-26 15:32:28', 'category': 'other', 'sentiment': 0.69, 'keyword_mentioned': 'other', 'message_length': 38}
2025-09-26 15:32:33 | INFO | {'message': 'I just loved a movie! It was amazing.', 'author': 'Alice', 'timestamp': '2025-09-26 15:32:33', 'category': 'entertainment', 'sentiment': 0.58, 'keyword_mentioned': 'movie', 'message_length': 37}
2025-09-26 15:32:38 | INFO | {'message': 'I just saw game! It was amazing.', 'author': 'Charlie', 'timestamp': '2025-09-26 15:32:38', 'category': 'gaming', 'sentiment': 0.33, 'keyword_mentioned': 'game', 'message_length': 32}
2025-09-26 15:32:43 | INFO | {'message': 'I just saw a meme! It was exciting.', 'author': 'Eve', 'timestamp': '2025-09-26 15:32:43', 'category': 'humor', 'sentiment': 0.29, 'keyword_mentioned': 'meme', 'message_length': 35}
2025-09-26 15:32:48 | INFO | {'message': 'I just saw JavaScript! It was amazing.', 'author': 'Alice', 'timestamp': '2025-09-26 15:32:48', 'category': 'tech', 'sentiment': 0.32, 'keyword_mentioned': 'JavaScript', 'message_length': 38}
2025-09-26 15:32:53 | INFO | {'message': 'I just loved game! It was weird.', 'author': 'Bob', 'timestamp': '2025-09-26 15:32:53', 'category': 'gaming', 'sentiment': 0.04, 'keyword_mentioned': 'game', 'message_length': 32}
2025-09-26 15:32:58 | INFO | {'message': 'I just saw Python! It was boring.', 'author': 'Alice', 'timestamp': '2025-09-26 15:32:58', 'category': 'tech', 'sentiment': 0.07, 'keyword_mentioned': 'Python', 'message_length': 33}
2025-09-26 15:33:03 | INFO | {'message': 'I just tried an app! It was boring.', 'author': 'Alice', 'timestamp': '2025-09-26 15:33:03', 'category': 'other', 'sentiment': 0.62, 'keyword_mentioned': 'other', 'message_length': 35}
2025-09-26 15:33:08 | INFO | {'message': 'I just shared a meme! It was amazing.', 'author': 'Alice', 'timestamp': '2025-09-26 15:33:08', 'category': 'humor', 'sentiment': 0.33, 'keyword_mentioned': 'meme', 'message_length': 37}
2025-09-26 15:33:13 | INFO | {'message': 'I just found recipe! It was exciting.', 'author': 'Bob', 'timestamp': '2025-09-26 15:33:13', 'category': 'food', 'sentiment': 0.48, 'keyword_mentioned': 'recipe', 'message_length': 37}
2025-09-26 15:33:18 | INFO | {'message': 'I just found JavaScript! It was boring.', 'author': 'Eve', 'timestamp': '2025-09-26 15:33:18', 'category': 'tech', 'sentiment': 0.22, 'keyword_mentioned': 'JavaScript', 'message_length': 39}
2025-09-26 15:33:23 | INFO | {'message': 'I just found an app! It was weird.', 'author': 'Alice', 'timestamp': '2025-09-26 15:33:23', 'category': 'other', 'sentiment': 0.39, 'keyword_mentioned': 'other', 'message_length': 34}
2025-09-26 15:33:28 | INFO | {'message': 'I just saw Python! It was funny.', 'author': 'Bob', 'timestamp': '2025-09-26 15:33:28', 'category': 'tech', 'sentiment': 0.09, 'keyword_mentioned': 'Python', 'message_length': 32}
2025-09-26 15:33:33 | INFO | {'message': 'I just saw Python! It was amazing.', 'author': 'Eve', 'timestamp': '2025-09-26 15:33:33', 'category': 'tech', 'sentiment': 0.46, 'keyword_mentioned': 'Python', 'message_length': 34}
2025-09-26 15:33:38 | INFO | {'message': 'I just saw game! It was amazing.', 'author': 'Eve', 'timestamp': '2025-09-26 15:33:38', 'category': 'gaming', 'sentiment': 0.22, 'keyword_mentioned': 'game', 'message_length': 32}
2025-09-26 15:33:43 | INFO | {'message': 'I just saw travel! It was weird.', 'author': 'Charlie', 'timestamp': '2025-09-26 15:33:43', 'category': 'travel', 'sentiment': 0.62, 'keyword_mentioned': 'travel', 'message_length': 32}
2025-09-26 15:33:48 | INFO | {'message': 'I just tried an app! It was funny.', 'author': 'Eve', 'timestamp': '2025-09-26 15:33:48', 'category': 'other', 'sentiment': 0.43, 'keyword_mentioned': 'other', 'message_length': 34}
2025-09-26 15:33:53 | INFO | {'message': 'I just tried a movie! It was boring.', 'author': 'Charlie', 'timestamp': '2025-09-26 15:33:53', 'category': 'entertainment', 'sentiment': 0.41, 'keyword_mentioned': 'movie', 'message_length': 36}
2025-09-26 15:33:58 | INFO | {'message': 'I just tried a movie! It was weird.', 'author': 'Eve', 'timestamp': '2025-09-26 15:33:58', 'category': 'entertainment', 'sentiment': 0.34, 'keyword_mentioned': 'movie', 'message_length': 35}
2025-09-26 15:34:03 | INFO | {'message': 'I just shared a trick! It was funny.', 'author': 'Charlie', 'timestamp': '2025-09-26 15:34:03', 'category': 'other', 'sentiment': 0.06, 'keyword_mentioned': 'other', 'message_length': 36}
2025-09-26 15:34:08 | INFO | {'message': 'I just saw recipe! It was exciting.', 'author': 'Bob', 'timestamp': '2025-09-26 15:34:08', 'category': 'food', 'sentiment': 0.51, 'keyword_mentioned': 'recipe', 'message_length': 35}
2025-09-26 15:34:13 | INFO | {'message': 'I just found an app! It was amazing.', 'author': 'Alice', 'timestamp': '2025-09-26 15:34:13', 'category': 'other', 'sentiment': 0.81, 'keyword_mentioned': 'other', 'message_length': 36}
2025-09-26 15:34:18 | INFO | {'message': 'I just tried travel! It was amazing.', 'author': 'Alice', 'timestamp': '2025-09-26 15:34:18', 'category': 'travel', 'sentiment': 0.77, 'keyword_mentioned': 'travel', 'message_length': 36}
2025-09-26 15:34:23 | INFO | {'message': 'I just tried JavaScript! It was boring.', 'author': 'Bob', 'timestamp': '2025-09-26 15:34:23', 'category': 'tech', 'sentiment': 0.4, 'keyword_mentioned': 'JavaScript', 'message_length': 39}
2025-09-26 15:34:28 | INFO | {'message': 'I just tried travel! It was amazing.', 'author': 'Bob', 'timestamp': '2025-09-26 15:34:28', 'category': 'travel', 'sentiment': 0.06, 'keyword_mentioned': 'travel', 'message_length': 36}
2025-09-26 15:34:33 | INFO | {'message': 'I just shared a trick! It was weird.', 'author': 'Charlie', 'timestamp': '2025-09-26 15:34:33', 'category': 'other', 'sentiment': 0.33, 'keyword_mentioned': 'other', 'message_length': 36}
2025-09-26 15:34:38 | INFO | {'message': 'I just shared travel! It was amazing.', 'author': 'Charlie', 'timestamp': '2025-09-26 15:34:38', 'category': 'travel', 'sentiment': 0.53, 'keyword_mentioned': 'travel', 'message_length': 37}
2025-09-26 15:34:43 | INFO | {'message': 'I just loved a movie! It was weird.', 'author': 'Bob', 'timestamp': '2025-09-26 15:34:43', 'category': 'entertainment', 'sentiment': 0.23, 'keyword_mentioned': 'movie', 'message_length': 35}
2025-09-26 15:34:48 | INFO | {'message': 'I just found JavaScript! It was boring.', 'author': 'Eve', 'timestamp': '2025-09-26 15:34:48', 'category': 'tech', 'sentiment': 0.67, 'keyword_mentioned': 'JavaScript', 'message_length': 39}
2025-09-26 15:34:53 | INFO | {'message': 'I just saw travel! It was exciting.', 'author': 'Bob', 'timestamp': '2025-09-26 15:34:53', 'category': 'travel', 'sentiment': 0.99, 'keyword_mentioned': 'travel', 'message_length': 35}
2025-09-26 15:34:58 | INFO | {'message': 'I just shared a meme! It was funny.', 'author': 'Charlie', 'timestamp': '2025-09-26 15:34:58', 'category': 'humor', 'sentiment': 0.42, 'keyword_mentioned': 'meme', 'message_length': 35}
2025-09-26 15:35:03 | INFO | {'message': 'I just loved a story! It was exciting.', 'author': 'Bob', 'timestamp': '2025-09-26 15:35:03', 'category': 'other', 'sentiment': 0.15, 'keyword_mentioned': 'other', 'message_length': 38}
2025-09-26 15:35:08 | INFO | {'message': 'I just loved a meme! It was amazing.', 'author': 'Eve', 'timestamp': '2025-09-26 15:35:08', 'category': 'humor', 'sentiment': 0.64, 'keyword_mentioned': 'meme', 'message_length': 36}
2025-09-26 15:35:13 | INFO | {'message': 'I just loved JavaScript! It was amazing.', 'author': 'Alice', 'timestamp': '2025-09-26 15:35:13', 'category': 'tech', 'sentiment': 0.04, 'keyword_mentioned': 'JavaScript', 'message_length': 40}
2025-09-26 15:35:18 | INFO | {'message': 'I just tried a trick! It was funny.', 'author': 'Eve', 'timestamp': '2025-09-26 15:35:18', 'category': 'other', 'sentiment': 0.94, 'keyword_mentioned': 'other', 'message_length': 35}
2025-09-26 15:35:23 | INFO | {'message': 'I just shared an app! It was funny.', 'author': 'Bob', 'timestamp': '2025-09-26 15:35:23', 'category': 'other', 'sentiment': 0.33, 'keyword_mentioned': 'other', 'message_length': 35}
2025-09-26 15:35:23 | INFO | Logging to file: logs/project_log.log
2025-09-26 15:35:23 | INFO | Log sanitization enabled, personal info removed
2025-09-26 15:35:23 | INFO | Kabore consumer starting (file -> SQLite, real-time).
2025-09-26 15:35:23 | INFO | MESSAGE_INTERVAL_SECONDS: 5
2025-09-26 15:35:23 | INFO | BASE_DATA_DIR: C:/Users/USER/buzzline-05-kabore/data
2025-09-26 15:35:23 | INFO | LIVE_DATA_PATH: C:/Users/USER/buzzline-05-kabore/data/project_live.json
2025-09-26 15:35:23 | INFO | BASE_DATA_DIR: C:/Users/USER/buzzline-05-kabore/data
2025-09-26 15:35:23 | INFO | SQLITE_PATH: C:/Users/USER/buzzline-05-kabore/data/buzz.sqlite
2025-09-26 15:35:23 | INFO | Read environment configuration successfully.
2025-09-26 15:35:23 | INFO |    MESSAGE_INTERVAL_SECONDS: 5
2025-09-26 15:35:23 | INFO |    LIVE_DATA_PATH: C:/Users/USER/buzzline-05-kabore/data/project_live.json
2025-09-26 15:35:23 | INFO |    SQLITE_PATH: C:/Users/USER/buzzline-05-kabore/data/buzz.sqlite
2025-09-26 15:35:23 | INFO | Starting real-time tail on C:/Users/USER/buzzline-05-kabore/data/project_live.json
2025-09-26 15:35:23 | INFO | Calling SQLite init_db() with db_path=C:/Users/USER/buzzline-05-kabore/data/buzz.sqlite
2025-09-26 15:35:23 | INFO | SUCCESS: Database initialized and table ready at C:/Users/USER/buzzline-05-kabore/data/buzz.sqlite.
2025-09-26 15:35:23 | INFO | Database initialized/ready at C:/Users/USER/buzzline-05-kabore/data/buzz.sqlite.
2025-09-26 15:35:23 | INFO | Derived insights -> sentiment_label='neutral', exclamation_flag=True, word_count=8
2025-09-26 15:35:23 | INFO | Processed message: {'message': 'I just loved a trick! It was funny.', 'author': 'Charlie', 'timestamp': '2025-09-26 15:31:53', 'category': 'other', 'sentiment': 0.46, 'keyword_mentioned': 'other', 'message_length': 35}
2025-09-26 15:35:23 | INFO | Inserted one message into SQLite.
2025-09-26 15:35:23 | INFO | Derived insights -> sentiment_label='neutral', exclamation_flag=True, word_count=7
2025-09-26 15:35:23 | INFO | Processed message: {'message': 'I just found travel! It was funny.', 'author': 'Bob', 'timestamp': '2025-09-26 15:31:58', 'category': 'travel', 'sentiment': 0.52, 'keyword_mentioned': 'travel', 'message_length': 34}
2025-09-26 15:35:23 | INFO | Inserted one message into SQLite.
2025-09-26 15:35:23 | INFO | Derived insights -> sentiment_label='negative', exclamation_flag=True, word_count=8
2025-09-26 15:35:23 | INFO | Processed message: {'message': 'I just shared a story! It was amazing.', 'author': 'Charlie', 'timestamp': '2025-09-26 15:32:03', 'category': 'other', 'sentiment': 0.39, 'keyword_mentioned': 'other', 'message_length': 38}
2025-09-26 15:35:23 | INFO | Inserted one message into SQLite.
2025-09-26 15:35:23 | INFO | Derived insights -> sentiment_label='positive', exclamation_flag=True, word_count=7
2025-09-26 15:35:23 | INFO | Processed message: {'message': 'I just shared recipe! It was amazing.', 'author': 'Eve', 'timestamp': '2025-09-26 15:32:08', 'category': 'food', 'sentiment': 0.9, 'keyword_mentioned': 'recipe', 'message_length': 37}
2025-09-26 15:35:23 | INFO | Inserted one message into SQLite.
2025-09-26 15:35:23 | INFO | Derived insights -> sentiment_label='negative', exclamation_flag=True, word_count=7
2025-09-26 15:35:23 | INFO | Processed message: {'message': 'I just loved travel! It was weird.', 'author': 'Alice', 'timestamp': '2025-09-26 15:32:13', 'category': 'travel', 'sentiment': 0.32, 'keyword_mentioned': 'travel', 'message_length': 34}
2025-09-26 15:35:23 | INFO | Inserted one message into SQLite.
2025-09-26 15:35:23 | INFO | Derived insights -> sentiment_label='negative', exclamation_flag=True, word_count=8
2025-09-26 15:35:23 | INFO | Processed message: {'message': 'I just shared an app! It was amazing.', 'author': 'Charlie', 'timestamp': '2025-09-26 15:32:18', 'category': 'other', 'sentiment': 0.05, 'keyword_mentioned': 'other', 'message_length': 37}
2025-09-26 15:35:23 | INFO | Inserted one message into SQLite.
2025-09-26 15:35:23 | INFO | Derived insights -> sentiment_label='neutral', exclamation_flag=True, word_count=7
2025-09-26 15:35:23 | INFO | Processed message: {'message': 'I just shared game! It was boring.', 'author': 'Alice', 'timestamp': '2025-09-26 15:32:23', 'category': 'gaming', 'sentiment': 0.52, 'keyword_mentioned': 'game', 'message_length': 34}
2025-09-26 15:35:23 | INFO | Inserted one message into SQLite.
2025-09-26 15:35:23 | INFO | Derived insights -> sentiment_label='positive', exclamation_flag=True, word_count=8
2025-09-26 15:35:23 | INFO | Processed message: {'message': 'I just shared a story! It was amazing.', 'author': 'Charlie', 'timestamp': '2025-09-26 15:32:28', 'category': 'other', 'sentiment': 0.69, 'keyword_mentioned': 'other', 'message_length': 38}
2025-09-26 15:35:23 | INFO | Inserted one message into SQLite.
2025-09-26 15:35:23 | INFO | Derived insights -> sentiment_label='neutral', exclamation_flag=True, word_count=8
2025-09-26 15:35:23 | INFO | Processed message: {'message': 'I just loved a movie! It was amazing.', 'author': 'Alice', 'timestamp': '2025-09-26 15:32:33', 'category': 'entertainment', 'sentiment': 0.58, 'keyword_mentioned': 'movie', 'message_length': 37}
2025-09-26 15:35:23 | INFO | Inserted one message into SQLite.
2025-09-26 15:35:23 | INFO | Derived insights -> sentiment_label='negative', exclamation_flag=True, word_count=7
2025-09-26 15:35:23 | INFO | Processed message: {'message': 'I just saw game! It was amazing.', 'author': 'Charlie', 'timestamp': '2025-09-26 15:32:38', 'category': 'gaming', 'sentiment': 0.33, 'keyword_mentioned': 'game', 'message_length': 32}
2025-09-26 15:35:23 | INFO | Inserted one message into SQLite.
2025-09-26 15:35:23 | INFO | Derived insights -> sentiment_label='negative', exclamation_flag=True, word_count=8
2025-09-26 15:35:23 | INFO | Processed message: {'message': 'I just saw a meme! It was exciting.', 'author': 'Eve', 'timestamp': '2025-09-26 15:32:43', 'category': 'humor', 'sentiment': 0.29, 'keyword_mentioned': 'meme', 'message_length': 35}
2025-09-26 15:35:23 | INFO | Inserted one message into SQLite.
2025-09-26 15:35:23 | INFO | Derived insights -> sentiment_label='negative', exclamation_flag=True, word_count=7
2025-09-26 15:35:23 | INFO | Processed message: {'message': 'I just saw JavaScript! It was amazing.', 'author': 'Alice', 'timestamp': '2025-09-26 15:32:48', 'category': 'tech', 'sentiment': 0.32, 'keyword_mentioned': 'JavaScript', 'message_length': 38}
2025-09-26 15:35:23 | INFO | Inserted one message into SQLite.
2025-09-26 15:35:23 | INFO | Derived insights -> sentiment_label='negative', exclamation_flag=True, word_count=7
2025-09-26 15:35:23 | INFO | Processed message: {'message': 'I just loved game! It was weird.', 'author': 'Bob', 'timestamp': '2025-09-26 15:32:53', 'category': 'gaming', 'sentiment': 0.04, 'keyword_mentioned': 'game', 'message_length': 32}
2025-09-26 15:35:23 | INFO | Inserted one message into SQLite.
2025-09-26 15:35:23 | INFO | Derived insights -> sentiment_label='negative', exclamation_flag=True, word_count=7
2025-09-26 15:35:23 | INFO | Processed message: {'message': 'I just saw Python! It was boring.', 'author': 'Alice', 'timestamp': '2025-09-26 15:32:58', 'category': 'tech', 'sentiment': 0.07, 'keyword_mentioned': 'Python', 'message_length': 33}
2025-09-26 15:35:23 | INFO | Inserted one message into SQLite.
2025-09-26 15:35:23 | INFO | Derived insights -> sentiment_label='positive', exclamation_flag=True, word_count=8
2025-09-26 15:35:23 | INFO | Processed message: {'message': 'I just tried an app! It was boring.', 'author': 'Alice', 'timestamp': '2025-09-26 15:33:03', 'category': 'other', 'sentiment': 0.62, 'keyword_mentioned': 'other', 'message_length': 35}
2025-09-26 15:35:24 | INFO | Inserted one message into SQLite.
2025-09-26 15:35:24 | INFO | Derived insights -> sentiment_label='negative', exclamation_flag=True, word_count=8
2025-09-26 15:35:24 | INFO | Processed message: {'message': 'I just shared a meme! It was amazing.', 'author': 'Alice', 'timestamp': '2025-09-26 15:33:08', 'category': 'humor', 'sentiment': 0.33, 'keyword_mentioned': 'meme', 'message_length': 37}
2025-09-26 15:35:24 | INFO | Inserted one message into SQLite.
2025-09-26 15:35:24 | INFO | Derived insights -> sentiment_label='neutral', exclamation_flag=True, word_count=7
2025-09-26 15:35:24 | INFO | Processed message: {'message': 'I just found recipe! It was exciting.', 'author': 'Bob', 'timestamp': '2025-09-26 15:33:13', 'category': 'food', 'sentiment': 0.48, 'keyword_mentioned': 'recipe', 'message_length': 37}
2025-09-26 15:35:24 | INFO | Inserted one message into SQLite.
2025-09-26 15:35:24 | INFO | Derived insights -> sentiment_label='negative', exclamation_flag=True, word_count=7
2025-09-26 15:35:24 | INFO | Processed message: {'message': 'I just found JavaScript! It was boring.', 'author': 'Eve', 'timestamp': '2025-09-26 15:33:18', 'category': 'tech', 'sentiment': 0.22, 'keyword_mentioned': 'JavaScript', 'message_length': 39}
2025-09-26 15:35:24 | INFO | Inserted one message into SQLite.
2025-09-26 15:35:24 | INFO | Derived insights -> sentiment_label='negative', exclamation_flag=True, word_count=8
2025-09-26 15:35:24 | INFO | Processed message: {'message': 'I just found an app! It was weird.', 'author': 'Alice', 'timestamp': '2025-09-26 15:33:23', 'category': 'other', 'sentiment': 0.39, 'keyword_mentioned': 'other', 'message_length': 34}
2025-09-26 15:35:24 | INFO | Inserted one message into SQLite.
2025-09-26 15:35:24 | INFO | Derived insights -> sentiment_label='negative', exclamation_flag=True, word_count=7
2025-09-26 15:35:24 | INFO | Processed message: {'message': 'I just saw Python! It was funny.', 'author': 'Bob', 'timestamp': '2025-09-26 15:33:28', 'category': 'tech', 'sentiment': 0.09, 'keyword_mentioned': 'Python', 'message_length': 32}
2025-09-26 15:35:24 | INFO | Inserted one message into SQLite.
2025-09-26 15:35:24 | INFO | Derived insights -> sentiment_label='neutral', exclamation_flag=True, word_count=7
2025-09-26 15:35:24 | INFO | Processed message: {'message': 'I just saw Python! It was amazing.', 'author': 'Eve', 'timestamp': '2025-09-26 15:33:33', 'category': 'tech', 'sentiment': 0.46, 'keyword_mentioned': 'Python', 'message_length': 34}
2025-09-26 15:35:24 | INFO | Inserted one message into SQLite.
2025-09-26 15:35:24 | INFO | Derived insights -> sentiment_label='negative', exclamation_flag=True, word_count=7
2025-09-26 15:35:24 | INFO | Processed message: {'message': 'I just saw game! It was amazing.', 'author': 'Eve', 'timestamp': '2025-09-26 15:33:38', 'category': 'gaming', 'sentiment': 0.22, 'keyword_mentioned': 'game', 'message_length': 32}
2025-09-26 15:35:24 | INFO | Inserted one message into SQLite.
2025-09-26 15:35:24 | INFO | Derived insights -> sentiment_label='positive', exclamation_flag=True, word_count=7
2025-09-26 15:35:24 | INFO | Processed message: {'message': 'I just saw travel! It was weird.', 'author': 'Charlie', 'timestamp': '2025-09-26 15:33:43', 'category': 'travel', 'sentiment': 0.62, 'keyword_mentioned': 'travel', 'message_length': 32}
2025-09-26 15:35:24 | INFO | Inserted one message into SQLite.
2025-09-26 15:35:24 | INFO | Derived insights -> sentiment_label='neutral', exclamation_flag=True, word_count=8
2025-09-26 15:35:24 | INFO | Processed message: {'message': 'I just tried an app! It was funny.', 'author': 'Eve', 'timestamp': '2025-09-26 15:33:48', 'category': 'other', 'sentiment': 0.43, 'keyword_mentioned': 'other', 'message_length': 34}
2025-09-26 15:35:24 | INFO | Inserted one message into SQLite.
2025-09-26 15:35:24 | INFO | Derived insights -> sentiment_label='neutral', exclamation_flag=True, word_count=8
2025-09-26 15:35:24 | INFO | Processed message: {'message': 'I just tried a movie! It was boring.', 'author': 'Charlie', 'timestamp': '2025-09-26 15:33:53', 'category': 'entertainment', 'sentiment': 0.41, 'keyword_mentioned': 'movie', 'message_length': 36}
2025-09-26 15:35:24 | INFO | Inserted one message into SQLite.
2025-09-26 15:35:24 | INFO | Derived insights -> sentiment_label='negative', exclamation_flag=True, word_count=8
2025-09-26 15:35:24 | INFO | Processed message: {'message': 'I just tried a movie! It was weird.', 'author': 'Eve', 'timestamp': '2025-09-26 15:33:58', 'category': 'entertainment', 'sentiment': 0.34, 'keyword_mentioned': 'movie', 'message_length': 35}
2025-09-26 15:35:24 | INFO | Inserted one message into SQLite.
2025-09-26 15:35:24 | INFO | Derived insights -> sentiment_label='negative', exclamation_flag=True, word_count=8
2025-09-26 15:35:24 | INFO | Processed message: {'message': 'I just shared a trick! It was funny.', 'author': 'Charlie', 'timestamp': '2025-09-26 15:34:03', 'category': 'other', 'sentiment': 0.06, 'keyword_mentioned': 'other', 'message_length': 36}
2025-09-26 15:35:24 | INFO | Inserted one message into SQLite.
2025-09-26 15:35:24 | INFO | Derived insights -> sentiment_label='neutral', exclamation_flag=True, word_count=7
2025-09-26 15:35:24 | INFO | Processed message: {'message': 'I just saw recipe! It was exciting.', 'author': 'Bob', 'timestamp': '2025-09-26 15:34:08', 'category': 'food', 'sentiment': 0.51, 'keyword_mentioned': 'recipe', 'message_length': 35}
2025-09-26 15:35:24 | INFO | Inserted one message into SQLite.
2025-09-26 15:35:24 | INFO | Derived insights -> sentiment_label='positive', exclamation_flag=True, word_count=8
2025-09-26 15:35:24 | INFO | Processed message: {'message': 'I just found an app! It was amazing.', 'author': 'Alice', 'timestamp': '2025-09-26 15:34:13', 'category': 'other', 'sentiment': 0.81, 'keyword_mentioned': 'other', 'message_length': 36}
2025-09-26 15:35:24 | INFO | Inserted one message into SQLite.
2025-09-26 15:35:24 | INFO | Derived insights -> sentiment_label='positive', exclamation_flag=True, word_count=7
2025-09-26 15:35:24 | INFO | Processed message: {'message': 'I just tried travel! It was amazing.', 'author': 'Alice', 'timestamp': '2025-09-26 15:34:18', 'category': 'travel', 'sentiment': 0.77, 'keyword_mentioned': 'travel', 'message_length': 36}
2025-09-26 15:35:24 | INFO | Inserted one message into SQLite.
2025-09-26 15:35:24 | INFO | Derived insights -> sentiment_label='neutral', exclamation_flag=True, word_count=7
2025-09-26 15:35:24 | INFO | Processed message: {'message': 'I just tried JavaScript! It was boring.', 'author': 'Bob', 'timestamp': '2025-09-26 15:34:23', 'category': 'tech', 'sentiment': 0.4, 'keyword_mentioned': 'JavaScript', 'message_length': 39}
2025-09-26 15:35:24 | INFO | Inserted one message into SQLite.
2025-09-26 15:35:24 | INFO | Derived insights -> sentiment_label='negative', exclamation_flag=True, word_count=7
2025-09-26 15:35:24 | INFO | Processed message: {'message': 'I just tried travel! It was amazing.', 'author': 'Bob', 'timestamp': '2025-09-26 15:34:28', 'category': 'travel', 'sentiment': 0.06, 'keyword_mentioned': 'travel', 'message_length': 36}
2025-09-26 15:35:24 | INFO | Inserted one message into SQLite.
2025-09-26 15:35:24 | INFO | Derived insights -> sentiment_label='negative', exclamation_flag=True, word_count=8
2025-09-26 15:35:24 | INFO | Processed message: {'message': 'I just shared a trick! It was weird.', 'author': 'Charlie', 'timestamp': '2025-09-26 15:34:33', 'category': 'other', 'sentiment': 0.33, 'keyword_mentioned': 'other', 'message_length': 36}
2025-09-26 15:35:24 | INFO | Inserted one message into SQLite.
2025-09-26 15:35:24 | INFO | Derived insights -> sentiment_label='neutral', exclamation_flag=True, word_count=7
2025-09-26 15:35:24 | INFO | Processed message: {'message': 'I just shared travel! It was amazing.', 'author': 'Charlie', 'timestamp': '2025-09-26 15:34:38', 'category': 'travel', 'sentiment': 0.53, 'keyword_mentioned': 'travel', 'message_length': 37}
2025-09-26 15:35:24 | INFO | Inserted one message into SQLite.
2025-09-26 15:35:24 | INFO | Derived insights -> sentiment_label='negative', exclamation_flag=True, word_count=8
2025-09-26 15:35:24 | INFO | Processed message: {'message': 'I just loved a movie! It was weird.', 'author': 'Bob', 'timestamp': '2025-09-26 15:34:43', 'category': 'entertainment', 'sentiment': 0.23, 'keyword_mentioned': 'movie', 'message_length': 35}
2025-09-26 15:35:24 | INFO | Inserted one message into SQLite.
2025-09-26 15:35:24 | INFO | Derived insights -> sentiment_label='positive', exclamation_flag=True, word_count=7
2025-09-26 15:35:24 | INFO | Processed message: {'message': 'I just found JavaScript! It was boring.', 'author': 'Eve', 'timestamp': '2025-09-26 15:34:48', 'category': 'tech', 'sentiment': 0.67, 'keyword_mentioned': 'JavaScript', 'message_length': 39}
2025-09-26 15:35:24 | INFO | Inserted one message into SQLite.
2025-09-26 15:35:24 | INFO | Derived insights -> sentiment_label='positive', exclamation_flag=True, word_count=7
2025-09-26 15:35:24 | INFO | Processed message: {'message': 'I just saw travel! It was exciting.', 'author': 'Bob', 'timestamp': '2025-09-26 15:34:53', 'category': 'travel', 'sentiment': 0.99, 'keyword_mentioned': 'travel', 'message_length': 35}
2025-09-26 15:35:24 | INFO | Inserted one message into SQLite.
2025-09-26 15:35:24 | INFO | Derived insights -> sentiment_label='neutral', exclamation_flag=True, word_count=8
2025-09-26 15:35:24 | INFO | Processed message: {'message': 'I just shared a meme! It was funny.', 'author': 'Charlie', 'timestamp': '2025-09-26 15:34:58', 'category': 'humor', 'sentiment': 0.42, 'keyword_mentioned': 'meme', 'message_length': 35}
2025-09-26 15:35:24 | INFO | Inserted one message into SQLite.
2025-09-26 15:35:24 | INFO | Derived insights -> sentiment_label='negative', exclamation_flag=True, word_count=8
2025-09-26 15:35:24 | INFO | Processed message: {'message': 'I just loved a story! It was exciting.', 'author': 'Bob', 'timestamp': '2025-09-26 15:35:03', 'category': 'other', 'sentiment': 0.15, 'keyword_mentioned': 'other', 'message_length': 38}
2025-09-26 15:35:24 | INFO | Inserted one message into SQLite.
2025-09-26 15:35:24 | INFO | Derived insights -> sentiment_label='positive', exclamation_flag=True, word_count=8
2025-09-26 15:35:24 | INFO | Processed message: {'message': 'I just loved a meme! It was amazing.', 'author': 'Eve', 'timestamp': '2025-09-26 15:35:08', 'category': 'humor', 'sentiment': 0.64, 'keyword_mentioned': 'meme', 'message_length': 36}
2025-09-26 15:35:24 | INFO | Inserted one message into SQLite.
2025-09-26 15:35:24 | INFO | Derived insights -> sentiment_label='negative', exclamation_flag=True, word_count=7
2025-09-26 15:35:24 | INFO | Processed message: {'message': 'I just loved JavaScript! It was amazing.', 'author': 'Alice', 'timestamp': '2025-09-26 15:35:13', 'category': 'tech', 'sentiment': 0.04, 'keyword_mentioned': 'JavaScript', 'message_length': 40}
2025-09-26 15:35:24 | INFO | Inserted one message into SQLite.
2025-09-26 15:35:24 | INFO | Derived insights -> sentiment_label='positive', exclamation_flag=True, word_count=8
2025-09-26 15:35:24 | INFO | Processed message: {'message': 'I just tried a trick! It was funny.', 'author': 'Eve', 'timestamp': '2025-09-26 15:35:18', 'category': 'other', 'sentiment': 0.94, 'keyword_mentioned': 'other', 'message_length': 35}
2025-09-26 15:35:24 | INFO | Inserted one message into SQLite.
2025-09-26 15:35:24 | INFO | Derived insights -> sentiment_label='negative', exclamation_flag=True, word_count=8
2025-09-26 15:35:24 | INFO | Processed message: {'message': 'I just shared an app! It was funny.', 'author': 'Bob', 'timestamp': '2025-09-26 15:35:23', 'category': 'other', 'sentiment': 0.33, 'keyword_mentioned': 'other', 'message_length': 35}
2025-09-26 15:35:24 | INFO | Inserted one message into SQLite.
2025-09-26 15:35:28 | INFO | {'message': 'I just shared JavaScript! It was amazing.', 'author': 'Bob', 'timestamp': '2025-09-26 15:35:28', 'category': 'tech', 'sentiment': 0.46, 'keyword_mentioned': 'JavaScript', 'message_length': 41}
2025-09-26 15:35:29 | INFO | Derived insights -> sentiment_label='neutral', exclamation_flag=True, word_count=7
2025-09-26 15:35:29 | INFO | Processed message: {'message': 'I just shared JavaScript! It was amazing.', 'author': 'Bob', 'timestamp': '2025-09-26 15:35:28', 'category': 'tech', 'sentiment': 0.46, 'keyword_mentioned': 'JavaScript', 'message_length': 41}
2025-09-26 15:35:29 | INFO | Inserted one message into SQLite.
2025-09-26 15:35:33 | INFO | {'message': 'I just loved a story! It was boring.', 'author': 'Alice', 'timestamp': '2025-09-26 15:35:33', 'category': 'other', 'sentiment': 0.16, 'keyword_mentioned': 'other', 'message_length': 36}
2025-09-26 15:35:34 | INFO | Derived insights -> sentiment_label='negative', exclamation_flag=True, word_count=8
2025-09-26 15:35:34 | INFO | Processed message: {'message': 'I just loved a story! It was boring.', 'author': 'Alice', 'timestamp': '2025-09-26 15:35:33', 'category': 'other', 'sentiment': 0.16, 'keyword_mentioned': 'other', 'message_length': 36}
2025-09-26 15:35:34 | INFO | Inserted one message into SQLite.
2025-09-26 15:35:38 | INFO | {'message': 'I just loved recipe! It was funny.', 'author': 'Charlie', 'timestamp': '2025-09-26 15:35:38', 'category': 'food', 'sentiment': 0.07, 'keyword_mentioned': 'recipe', 'message_length': 34}
2025-09-26 15:35:39 | INFO | Derived insights -> sentiment_label='negative', exclamation_flag=True, word_count=7
2025-09-26 15:35:39 | INFO | Processed message: {'message': 'I just loved recipe! It was funny.', 'author': 'Charlie', 'timestamp': '2025-09-26 15:35:38', 'category': 'food', 'sentiment': 0.07, 'keyword_mentioned': 'recipe', 'message_length': 34}
2025-09-26 15:35:39 | INFO | Inserted one message into SQLite.
2025-09-26 15:35:43 | INFO | {'message': 'I just tried an app! It was weird.', 'author': 'Bob', 'timestamp': '2025-09-26 15:35:43', 'category': 'other', 'sentiment': 0.32, 'keyword_mentioned': 'other', 'message_length': 34}
2025-09-26 15:35:44 | INFO | Derived insights -> sentiment_label='negative', exclamation_flag=True, word_count=8
2025-09-26 15:35:44 | INFO | Processed message: {'message': 'I just tried an app! It was weird.', 'author': 'Bob', 'timestamp': '2025-09-26 15:35:43', 'category': 'other', 'sentiment': 0.32, 'keyword_mentioned': 'other', 'message_length': 34}
2025-09-26 15:35:44 | INFO | Inserted one message into SQLite.
2025-09-26 15:35:48 | INFO | {'message': 'I just found a trick! It was weird.', 'author': 'Bob', 'timestamp': '2025-09-26 15:35:48', 'category': 'other', 'sentiment': 1.0, 'keyword_mentioned': 'other', 'message_length': 35}
2025-09-26 15:35:49 | INFO | Derived insights -> sentiment_label='positive', exclamation_flag=True, word_count=8
2025-09-26 15:35:49 | INFO | Processed message: {'message': 'I just found a trick! It was weird.', 'author': 'Bob', 'timestamp': '2025-09-26 15:35:48', 'category': 'other', 'sentiment': 1.0, 'keyword_mentioned': 'other', 'message_length': 35}
2025-09-26 15:35:49 | INFO | Inserted one message into SQLite.
2025-09-26 15:35:53 | INFO | {'message': 'I just saw game! It was weird.', 'author': 'Alice', 'timestamp': '2025-09-26 15:35:53', 'category': 'gaming', 'sentiment': 0.35, 'keyword_mentioned': 'game', 'message_length': 30}
2025-09-26 15:35:54 | INFO | Derived insights -> sentiment_label='negative', exclamation_flag=True, word_count=7
2025-09-26 15:35:54 | INFO | Processed message: {'message': 'I just saw game! It was weird.', 'author': 'Alice', 'timestamp': '2025-09-26 15:35:53', 'category': 'gaming', 'sentiment': 0.35, 'keyword_mentioned': 'game', 'message_length': 30}
2025-09-26 15:35:54 | INFO | Inserted one message into SQLite.
2025-09-26 15:35:58 | INFO | {'message': 'I just shared a story! It was weird.', 'author': 'Eve', 'timestamp': '2025-09-26 15:35:58', 'category': 'other', 'sentiment': 0.04, 'keyword_mentioned': 'other', 'message_length': 36}
2025-09-26 15:35:59 | INFO | Derived insights -> sentiment_label='negative', exclamation_flag=True, word_count=8
2025-09-26 15:35:59 | INFO | Processed message: {'message': 'I just shared a story! It was weird.', 'author': 'Eve', 'timestamp': '2025-09-26 15:35:58', 'category': 'other', 'sentiment': 0.04, 'keyword_mentioned': 'other', 'message_length': 36}
2025-09-26 15:35:59 | INFO | Inserted one message into SQLite.
2025-09-26 15:36:03 | INFO | {'message': 'I just loved a meme! It was exciting.', 'author': 'Bob', 'timestamp': '2025-09-26 15:36:03', 'category': 'humor', 'sentiment': 0.09, 'keyword_mentioned': 'meme', 'message_length': 37}
2025-09-26 15:36:04 | INFO | Derived insights -> sentiment_label='negative', exclamation_flag=True, word_count=8
2025-09-26 15:36:04 | INFO | Processed message: {'message': 'I just loved a meme! It was exciting.', 'author': 'Bob', 'timestamp': '2025-09-26 15:36:03', 'category': 'humor', 'sentiment': 0.09, 'keyword_mentioned': 'meme', 'message_length': 37}
2025-09-26 15:36:04 | INFO | Inserted one message into SQLite.
2025-09-26 15:36:08 | INFO | {'message': 'I just found a meme! It was funny.', 'author': 'Eve', 'timestamp': '2025-09-26 15:36:08', 'category': 'humor', 'sentiment': 0.15, 'keyword_mentioned': 'meme', 'message_length': 34}
2025-09-26 15:36:09 | INFO | Derived insights -> sentiment_label='negative', exclamation_flag=True, word_count=8
2025-09-26 15:36:09 | INFO | Processed message: {'message': 'I just found a meme! It was funny.', 'author': 'Eve', 'timestamp': '2025-09-26 15:36:08', 'category': 'humor', 'sentiment': 0.15, 'keyword_mentioned': 'meme', 'message_length': 34}
2025-09-26 15:36:09 | INFO | Inserted one message into SQLite.
2025-09-26 15:36:13 | INFO | {'message': 'I just shared an app! It was boring.', 'author': 'Charlie', 'timestamp': '2025-09-26 15:36:13', 'category': 'other', 'sentiment': 0.67, 'keyword_mentioned': 'other', 'message_length': 36}
2025-09-26 15:36:14 | INFO | Derived insights -> sentiment_label='positive', exclamation_flag=True, word_count=8
2025-09-26 15:36:14 | INFO | Processed message: {'message': 'I just shared an app! It was boring.', 'author': 'Charlie', 'timestamp': '2025-09-26 15:36:13', 'category': 'other', 'sentiment': 0.67, 'keyword_mentioned': 'other', 'message_length': 36}
2025-09-26 15:36:14 | INFO | Inserted one message into SQLite.
2025-09-26 15:36:18 | INFO | {'message': 'I just shared a movie! It was exciting.', 'author': 'Charlie', 'timestamp': '2025-09-26 15:36:18', 'category': 'entertainment', 'sentiment': 0.39, 'keyword_mentioned': 'movie', 'message_length': 39}
2025-09-26 15:36:19 | INFO | Derived insights -> sentiment_label='negative', exclamation_flag=True, word_count=8
2025-09-26 15:36:19 | INFO | Processed message: {'message': 'I just shared a movie! It was exciting.', 'author': 'Charlie', 'timestamp': '2025-09-26 15:36:18', 'category': 'entertainment', 'sentiment': 0.39, 'keyword_mentioned': 'movie', 'message_length': 39}
2025-09-26 15:36:19 | INFO | Inserted one message into SQLite.
2025-09-26 15:36:23 | INFO | {'message': 'I just tried a story! It was exciting.', 'author': 'Charlie', 'timestamp': '2025-09-26 15:36:23', 'category': 'other', 'sentiment': 0.05, 'keyword_mentioned': 'other', 'message_length': 38}
2025-09-26 15:36:24 | INFO | Derived insights -> sentiment_label='negative', exclamation_flag=True, word_count=8
2025-09-26 15:36:24 | INFO | Processed message: {'message': 'I just tried a story! It was exciting.', 'author': 'Charlie', 'timestamp': '2025-09-26 15:36:23', 'category': 'other', 'sentiment': 0.05, 'keyword_mentioned': 'other', 'message_length': 38}
2025-09-26 15:36:24 | INFO | Inserted one message into SQLite.
2025-09-26 15:36:28 | INFO | {'message': 'I just shared JavaScript! It was exciting.', 'author': 'Alice', 'timestamp': '2025-09-26 15:36:28', 'category': 'tech', 'sentiment': 0.45, 'keyword_mentioned': 'JavaScript', 'message_length': 42}
2025-09-26 15:36:30 | INFO | Derived insights -> sentiment_label='neutral', exclamation_flag=True, word_count=7
2025-09-26 15:36:30 | INFO | Processed message: {'message': 'I just shared JavaScript! It was exciting.', 'author': 'Alice', 'timestamp': '2025-09-26 15:36:28', 'category': 'tech', 'sentiment': 0.45, 'keyword_mentioned': 'JavaScript', 'message_length': 42}
2025-09-26 15:36:30 | INFO | Inserted one message into SQLite.
2025-09-26 15:36:33 | INFO | {'message': 'I just tried an app! It was amazing.', 'author': 'Bob', 'timestamp': '2025-09-26 15:36:33', 'category': 'other', 'sentiment': 0.64, 'keyword_mentioned': 'other', 'message_length': 36}
2025-09-26 15:36:35 | INFO | Derived insights -> sentiment_label='positive', exclamation_flag=True, word_count=8
2025-09-26 15:36:35 | INFO | Processed message: {'message': 'I just tried an app! It was amazing.', 'author': 'Bob', 'timestamp': '2025-09-26 15:36:33', 'category': 'other', 'sentiment': 0.64, 'keyword_mentioned': 'other', 'message_length': 36}
2025-09-26 15:36:35 | INFO | Inserted one message into SQLite.
2025-09-26 15:36:38 | INFO | {'message': 'I just shared a story! It was exciting.', 'author': 'Charlie', 'timestamp': '2025-09-26 15:36:38', 'category': 'other', 'sentiment': 0.7, 'keyword_mentioned': 'other', 'message_length': 39}
2025-09-26 15:36:40 | INFO | Derived insights -> sentiment_label='positive', exclamation_flag=True, word_count=8
2025-09-26 15:36:40 | INFO | Processed message: {'message': 'I just shared a story! It was exciting.', 'author': 'Charlie', 'timestamp': '2025-09-26 15:36:38', 'category': 'other', 'sentiment': 0.7, 'keyword_mentioned': 'other', 'message_length': 39}
2025-09-26 15:36:40 | INFO | Inserted one message into SQLite.
2025-09-26 15:36:43 | INFO | {'message': 'I just shared an app! It was boring.', 'author': 'Eve', 'timestamp': '2025-09-26 15:36:43', 'category': 'other', 'sentiment': 0.71, 'keyword_mentioned': 'other', 'message_length': 36}
2025-09-26 15:36:45 | INFO | Derived insights -> sentiment_label='positive', exclamation_flag=True, word_count=8
2025-09-26 15:36:45 | INFO | Processed message: {'message': 'I just shared an app! It was boring.', 'author': 'Eve', 'timestamp': '2025-09-26 15:36:43', 'category': 'other', 'sentiment': 0.71, 'keyword_mentioned': 'other', 'message_length': 36}
2025-09-26 15:36:45 | INFO | Inserted one message into SQLite.
2025-09-26 15:36:48 | INFO | {'message': 'I just saw a trick! It was boring.', 'author': 'Bob', 'timestamp': '2025-09-26 15:36:48', 'category': 'other', 'sentiment': 0.79, 'keyword_mentioned': 'other', 'message_length': 34}
2025-09-26 15:36:50 | INFO | Derived insights -> sentiment_label='positive', exclamation_flag=True, word_count=8
2025-09-26 15:36:50 | INFO | Processed message: {'message': 'I just saw a trick! It was boring.', 'author': 'Bob', 'timestamp': '2025-09-26 15:36:48', 'category': 'other', 'sentiment': 0.79, 'keyword_mentioned': 'other', 'message_length': 34}
2025-09-26 15:36:50 | INFO | Inserted one message into SQLite.
2025-09-26 15:36:53 | INFO | {'message': 'I just shared a story! It was amazing.', 'author': 'Bob', 'timestamp': '2025-09-26 15:36:53', 'category': 'other', 'sentiment': 0.03, 'keyword_mentioned': 'other', 'message_length': 38}
2025-09-26 15:36:55 | INFO | Derived insights -> sentiment_label='negative', exclamation_flag=True, word_count=8
2025-09-26 15:36:55 | INFO | Processed message: {'message': 'I just shared a story! It was amazing.', 'author': 'Bob', 'timestamp': '2025-09-26 15:36:53', 'category': 'other', 'sentiment': 0.03, 'keyword_mentioned': 'other', 'message_length': 38}
2025-09-26 15:36:55 | INFO | Inserted one message into SQLite.
2025-09-26 15:37:00 | INFO | Derived insights -> sentiment_label='positive', exclamation_flag=True, word_count=8
