2025-09-25 23:13:31 | INFO | Processed message: {'message': 'I just loved a movie! It was funny.', 'author': 'Bob', 'timestamp': '2025-09-25 23:13:28', 'category': 'entertainment', 'sentiment': 0.94, 'keyword_mentioned': 'movie', 'message_length': 35}
2025-09-25 23:13:31 | INFO | Calling SQLite insert_message()
2025-09-25 23:13:31 | INFO | message={'message': 'I just loved a movie! It was funny.', 'author': 'Bob', 'timestamp': '2025-09-25 23:13:28', 'category': 'entertainment', 'sentiment': 0.94, 'keyword_mentioned': 'movie', 'message_length': 35}
2025-09-25 23:13:31 | INFO | db_path=C:/Users/USER/buzzline-05-kabore/data/buzz.sqlite
2025-09-25 23:13:31 | INFO | Inserted one message into the database.
2025-09-25 23:13:33 | INFO | {'message': 'I just shared an app! It was amazing.', 'author': 'Bob', 'timestamp': '2025-09-25 23:13:33', 'category': 'other', 'sentiment': 0.78, 'keyword_mentioned': 'other', 'message_length': 37}
2025-09-25 23:13:36 | INFO | Processed message: {'message': 'I just shared an app! It was amazing.', 'author': 'Bob', 'timestamp': '2025-09-25 23:13:33', 'category': 'other', 'sentiment': 0.78, 'keyword_mentioned': 'other', 'message_length': 37}
2025-09-25 23:13:36 | INFO | Calling SQLite insert_message()
2025-09-25 23:13:36 | INFO | message={'message': 'I just shared an app! It was amazing.', 'author': 'Bob', 'timestamp': '2025-09-25 23:13:33', 'category': 'other', 'sentiment': 0.78, 'keyword_mentioned': 'other', 'message_length': 37}
2025-09-25 23:13:36 | INFO | db_path=C:/Users/USER/buzzline-05-kabore/data/buzz.sqlite
2025-09-25 23:13:36 | INFO | Inserted one message into the database.
2025-09-25 23:13:38 | INFO | {'message': 'I just tried game! It was boring.', 'author': 'Eve', 'timestamp': '2025-09-25 23:13:38', 'category': 'gaming', 'sentiment': 0.03, 'keyword_mentioned': 'game', 'message_length': 33}
2025-09-25 23:13:41 | INFO | Processed message: {'message': 'I just tried game! It was boring.', 'author': 'Eve', 'timestamp': '2025-09-25 23:13:38', 'category': 'gaming', 'sentiment': 0.03, 'keyword_mentioned': 'game', 'message_length': 33}
2025-09-25 23:13:41 | INFO | Calling SQLite insert_message()
2025-09-25 23:13:41 | INFO | message={'message': 'I just tried game! It was boring.', 'author': 'Eve', 'timestamp': '2025-09-25 23:13:38', 'category': 'gaming', 'sentiment': 0.03, 'keyword_mentioned': 'game', 'message_length': 33}
2025-09-25 23:13:41 | INFO | db_path=C:/Users/USER/buzzline-05-kabore/data/buzz.sqlite
2025-09-25 23:13:41 | INFO | Inserted one message into the database.
2025-09-25 23:13:43 | INFO | {'message': 'I just loved a trick! It was funny.', 'author': 'Alice', 'timestamp': '2025-09-25 23:13:43', 'category': 'other', 'sentiment': 0.88, 'keyword_mentioned': 'other', 'message_length': 35}
2025-09-25 23:13:46 | INFO | Processed message: {'message': 'I just loved a trick! It was funny.', 'author': 'Alice', 'timestamp': '2025-09-25 23:13:43', 'category': 'other', 'sentiment': 0.88, 'keyword_mentioned': 'other', 'message_length': 35}
2025-09-25 23:13:46 | INFO | Calling SQLite insert_message()
2025-09-25 23:13:46 | INFO | message={'message': 'I just loved a trick! It was funny.', 'author': 'Alice', 'timestamp': '2025-09-25 23:13:43', 'category': 'other', 'sentiment': 0.88, 'keyword_mentioned': 'other', 'message_length': 35}
2025-09-25 23:13:46 | INFO | db_path=C:/Users/USER/buzzline-05-kabore/data/buzz.sqlite
2025-09-25 23:13:46 | INFO | Inserted one message into the database.
2025-09-25 23:13:48 | INFO | {'message': 'I just shared game! It was amazing.', 'author': 'Eve', 'timestamp': '2025-09-25 23:13:48', 'category': 'gaming', 'sentiment': 0.0, 'keyword_mentioned': 'game', 'message_length': 35}
2025-09-25 23:13:51 | INFO | Processed message: {'message': 'I just shared game! It was amazing.', 'author': 'Eve', 'timestamp': '2025-09-25 23:13:48', 'category': 'gaming', 'sentiment': 0.0, 'keyword_mentioned': 'game', 'message_length': 35}
2025-09-25 23:13:51 | INFO | Calling SQLite insert_message()
2025-09-25 23:13:51 | INFO | message={'message': 'I just shared game! It was amazing.', 'author': 'Eve', 'timestamp': '2025-09-25 23:13:48', 'category': 'gaming', 'sentiment': 0.0, 'keyword_mentioned': 'game', 'message_length': 35}
2025-09-25 23:13:51 | INFO | db_path=C:/Users/USER/buzzline-05-kabore/data/buzz.sqlite
2025-09-25 23:13:51 | INFO | Inserted one message into the database.
2025-09-25 23:13:53 | INFO | {'message': 'I just tried an app! It was exciting.', 'author': 'Eve', 'timestamp': '2025-09-25 23:13:53', 'category': 'other', 'sentiment': 0.2, 'keyword_mentioned': 'other', 'message_length': 37}
2025-09-25 23:13:56 | INFO | Processed message: {'message': 'I just tried an app! It was exciting.', 'author': 'Eve', 'timestamp': '2025-09-25 23:13:53', 'category': 'other', 'sentiment': 0.2, 'keyword_mentioned': 'other', 'message_length': 37}
2025-09-25 23:13:56 | INFO | Calling SQLite insert_message()
2025-09-25 23:13:56 | INFO | message={'message': 'I just tried an app! It was exciting.', 'author': 'Eve', 'timestamp': '2025-09-25 23:13:53', 'category': 'other', 'sentiment': 0.2, 'keyword_mentioned': 'other', 'message_length': 37}
2025-09-25 23:13:56 | INFO | db_path=C:/Users/USER/buzzline-05-kabore/data/buzz.sqlite
2025-09-25 23:13:56 | INFO | Inserted one message into the database.
2025-09-25 23:13:58 | INFO | {'message': 'I just loved game! It was amazing.', 'author': 'Bob', 'timestamp': '2025-09-25 23:13:58', 'category': 'gaming', 'sentiment': 0.27, 'keyword_mentioned': 'game', 'message_length': 34}
2025-09-25 23:14:01 | INFO | Processed message: {'message': 'I just loved game! It was amazing.', 'author': 'Bob', 'timestamp': '2025-09-25 23:13:58', 'category': 'gaming', 'sentiment': 0.27, 'keyword_mentioned': 'game', 'message_length': 34}
2025-09-25 23:14:01 | INFO | Calling SQLite insert_message()
2025-09-25 23:14:01 | INFO | message={'message': 'I just loved game! It was amazing.', 'author': 'Bob', 'timestamp': '2025-09-25 23:13:58', 'category': 'gaming', 'sentiment': 0.27, 'keyword_mentioned': 'game', 'message_length': 34}
2025-09-25 23:14:01 | INFO | db_path=C:/Users/USER/buzzline-05-kabore/data/buzz.sqlite
2025-09-25 23:14:01 | INFO | Inserted one message into the database.
2025-09-25 23:14:03 | INFO | {'message': 'I just found a story! It was amazing.', 'author': 'Charlie', 'timestamp': '2025-09-25 23:14:03', 'category': 'other', 'sentiment': 0.14, 'keyword_mentioned': 'other', 'message_length': 37}
2025-09-25 23:14:06 | INFO | Processed message: {'message': 'I just found a story! It was amazing.', 'author': 'Charlie', 'timestamp': '2025-09-25 23:14:03', 'category': 'other', 'sentiment': 0.14, 'keyword_mentioned': 'other', 'message_length': 37}
2025-09-25 23:14:06 | INFO | Calling SQLite insert_message()
2025-09-25 23:14:06 | INFO | message={'message': 'I just found a story! It was amazing.', 'author': 'Charlie', 'timestamp': '2025-09-25 23:14:03', 'category': 'other', 'sentiment': 0.14, 'keyword_mentioned': 'other', 'message_length': 37}
2025-09-25 23:14:06 | INFO | db_path=C:/Users/USER/buzzline-05-kabore/data/buzz.sqlite
2025-09-25 23:14:06 | INFO | Inserted one message into the database.
2025-09-25 23:14:08 | INFO | {'message': 'I just loved a meme! It was exciting.', 'author': 'Charlie', 'timestamp': '2025-09-25 23:14:08', 'category': 'humor', 'sentiment': 0.38, 'keyword_mentioned': 'meme', 'message_length': 37}
2025-09-25 23:14:11 | INFO | Processed message: {'message': 'I just loved a meme! It was exciting.', 'author': 'Charlie', 'timestamp': '2025-09-25 23:14:08', 'category': 'humor', 'sentiment': 0.38, 'keyword_mentioned': 'meme', 'message_length': 37}
2025-09-25 23:14:11 | INFO | Calling SQLite insert_message()
2025-09-25 23:14:11 | INFO | message={'message': 'I just loved a meme! It was exciting.', 'author': 'Charlie', 'timestamp': '2025-09-25 23:14:08', 'category': 'humor', 'sentiment': 0.38, 'keyword_mentioned': 'meme', 'message_length': 37}
2025-09-25 23:14:11 | INFO | db_path=C:/Users/USER/buzzline-05-kabore/data/buzz.sqlite
2025-09-25 23:14:11 | INFO | Inserted one message into the database.
2025-09-25 23:14:13 | INFO | {'message': 'I just found a meme! It was boring.', 'author': 'Eve', 'timestamp': '2025-09-25 23:14:13', 'category': 'humor', 'sentiment': 0.55, 'keyword_mentioned': 'meme', 'message_length': 35}
2025-09-25 23:14:16 | INFO | Processed message: {'message': 'I just found a meme! It was boring.', 'author': 'Eve', 'timestamp': '2025-09-25 23:14:13', 'category': 'humor', 'sentiment': 0.55, 'keyword_mentioned': 'meme', 'message_length': 35}
2025-09-25 23:14:16 | INFO | Calling SQLite insert_message()
2025-09-25 23:14:16 | INFO | message={'message': 'I just found a meme! It was boring.', 'author': 'Eve', 'timestamp': '2025-09-25 23:14:13', 'category': 'humor', 'sentiment': 0.55, 'keyword_mentioned': 'meme', 'message_length': 35}
2025-09-25 23:14:16 | INFO | db_path=C:/Users/USER/buzzline-05-kabore/data/buzz.sqlite
2025-09-25 23:14:16 | INFO | Inserted one message into the database.
2025-09-25 23:14:19 | INFO | {'message': 'I just found a trick! It was exciting.', 'author': 'Alice', 'timestamp': '2025-09-25 23:14:19', 'category': 'other', 'sentiment': 0.38, 'keyword_mentioned': 'other', 'message_length': 38}
2025-09-25 23:14:21 | INFO | Processed message: {'message': 'I just found a trick! It was exciting.', 'author': 'Alice', 'timestamp': '2025-09-25 23:14:19', 'category': 'other', 'sentiment': 0.38, 'keyword_mentioned': 'other', 'message_length': 38}
2025-09-25 23:14:21 | INFO | Calling SQLite insert_message()
2025-09-25 23:14:21 | INFO | message={'message': 'I just found a trick! It was exciting.', 'author': 'Alice', 'timestamp': '2025-09-25 23:14:19', 'category': 'other', 'sentiment': 0.38, 'keyword_mentioned': 'other', 'message_length': 38}
2025-09-25 23:14:21 | INFO | db_path=C:/Users/USER/buzzline-05-kabore/data/buzz.sqlite
2025-09-25 23:14:21 | INFO | Inserted one message into the database.
2025-09-25 23:14:24 | INFO | {'message': 'I just tried JavaScript! It was amazing.', 'author': 'Eve', 'timestamp': '2025-09-25 23:14:24', 'category': 'tech', 'sentiment': 0.78, 'keyword_mentioned': 'JavaScript', 'message_length': 40}
2025-09-25 23:14:26 | INFO | Processed message: {'message': 'I just tried JavaScript! It was amazing.', 'author': 'Eve', 'timestamp': '2025-09-25 23:14:24', 'category': 'tech', 'sentiment': 0.78, 'keyword_mentioned': 'JavaScript', 'message_length': 40}
2025-09-25 23:14:26 | INFO | Calling SQLite insert_message()
2025-09-25 23:14:26 | INFO | message={'message': 'I just tried JavaScript! It was amazing.', 'author': 'Eve', 'timestamp': '2025-09-25 23:14:24', 'category': 'tech', 'sentiment': 0.78, 'keyword_mentioned': 'JavaScript', 'message_length': 40}
2025-09-25 23:14:26 | INFO | db_path=C:/Users/USER/buzzline-05-kabore/data/buzz.sqlite
2025-09-25 23:14:26 | INFO | Inserted one message into the database.
2025-09-25 23:14:29 | INFO | {'message': 'I just saw travel! It was boring.', 'author': 'Bob', 'timestamp': '2025-09-25 23:14:29', 'category': 'travel', 'sentiment': 0.29, 'keyword_mentioned': 'travel', 'message_length': 33}
2025-09-25 23:14:31 | INFO | Processed message: {'message': 'I just saw travel! It was boring.', 'author': 'Bob', 'timestamp': '2025-09-25 23:14:29', 'category': 'travel', 'sentiment': 0.29, 'keyword_mentioned': 'travel', 'message_length': 33}
2025-09-25 23:14:31 | INFO | Calling SQLite insert_message()
2025-09-25 23:14:31 | INFO | message={'message': 'I just saw travel! It was boring.', 'author': 'Bob', 'timestamp': '2025-09-25 23:14:29', 'category': 'travel', 'sentiment': 0.29, 'keyword_mentioned': 'travel', 'message_length': 33}
2025-09-25 23:14:31 | INFO | db_path=C:/Users/USER/buzzline-05-kabore/data/buzz.sqlite
2025-09-25 23:14:31 | INFO | Inserted one message into the database.
2025-09-25 23:14:34 | INFO | {'message': 'I just shared a trick! It was amazing.', 'author': 'Bob', 'timestamp': '2025-09-25 23:14:34', 'category': 'other', 'sentiment': 0.5, 'keyword_mentioned': 'other', 'message_length': 38}
2025-09-25 23:14:36 | INFO | Processed message: {'message': 'I just shared a trick! It was amazing.', 'author': 'Bob', 'timestamp': '2025-09-25 23:14:34', 'category': 'other', 'sentiment': 0.5, 'keyword_mentioned': 'other', 'message_length': 38}
2025-09-25 23:14:36 | INFO | Calling SQLite insert_message()
2025-09-25 23:14:36 | INFO | message={'message': 'I just shared a trick! It was amazing.', 'author': 'Bob', 'timestamp': '2025-09-25 23:14:34', 'category': 'other', 'sentiment': 0.5, 'keyword_mentioned': 'other', 'message_length': 38}
2025-09-25 23:14:36 | INFO | db_path=C:/Users/USER/buzzline-05-kabore/data/buzz.sqlite
2025-09-25 23:14:36 | INFO | Inserted one message into the database.
2025-09-25 23:14:39 | INFO | {'message': 'I just tried a story! It was funny.', 'author': 'Bob', 'timestamp': '2025-09-25 23:14:39', 'category': 'other', 'sentiment': 0.57, 'keyword_mentioned': 'other', 'message_length': 35}
2025-09-25 23:14:41 | INFO | Processed message: {'message': 'I just tried a story! It was funny.', 'author': 'Bob', 'timestamp': '2025-09-25 23:14:39', 'category': 'other', 'sentiment': 0.57, 'keyword_mentioned': 'other', 'message_length': 35}
2025-09-25 23:14:41 | INFO | Calling SQLite insert_message()
2025-09-25 23:14:41 | INFO | message={'message': 'I just tried a story! It was funny.', 'author': 'Bob', 'timestamp': '2025-09-25 23:14:39', 'category': 'other', 'sentiment': 0.57, 'keyword_mentioned': 'other', 'message_length': 35}
2025-09-25 23:14:41 | INFO | db_path=C:/Users/USER/buzzline-05-kabore/data/buzz.sqlite
2025-09-25 23:14:41 | INFO | Inserted one message into the database.
2025-09-25 23:14:44 | INFO | {'message': 'I just saw Python! It was weird.', 'author': 'Eve', 'timestamp': '2025-09-25 23:14:44', 'category': 'tech', 'sentiment': 0.89, 'keyword_mentioned': 'Python', 'message_length': 32}
2025-09-25 23:14:46 | INFO | Processed message: {'message': 'I just saw Python! It was weird.', 'author': 'Eve', 'timestamp': '2025-09-25 23:14:44', 'category': 'tech', 'sentiment': 0.89, 'keyword_mentioned': 'Python', 'message_length': 32}
2025-09-25 23:14:46 | INFO | Calling SQLite insert_message()
2025-09-25 23:14:46 | INFO | message={'message': 'I just saw Python! It was weird.', 'author': 'Eve', 'timestamp': '2025-09-25 23:14:44', 'category': 'tech', 'sentiment': 0.89, 'keyword_mentioned': 'Python', 'message_length': 32}
2025-09-25 23:14:46 | INFO | db_path=C:/Users/USER/buzzline-05-kabore/data/buzz.sqlite
2025-09-25 23:14:46 | INFO | Inserted one message into the database.
2025-09-25 23:14:49 | INFO | {'message': 'I just loved a movie! It was funny.', 'author': 'Alice', 'timestamp': '2025-09-25 23:14:49', 'category': 'entertainment', 'sentiment': 0.63, 'keyword_mentioned': 'movie', 'message_length': 35}
2025-09-25 23:14:51 | INFO | Processed message: {'message': 'I just loved a movie! It was funny.', 'author': 'Alice', 'timestamp': '2025-09-25 23:14:49', 'category': 'entertainment', 'sentiment': 0.63, 'keyword_mentioned': 'movie', 'message_length': 35}
2025-09-25 23:14:51 | INFO | Calling SQLite insert_message()
2025-09-25 23:14:51 | INFO | message={'message': 'I just loved a movie! It was funny.', 'author': 'Alice', 'timestamp': '2025-09-25 23:14:49', 'category': 'entertainment', 'sentiment': 0.63, 'keyword_mentioned': 'movie', 'message_length': 35}
2025-09-25 23:14:51 | INFO | db_path=C:/Users/USER/buzzline-05-kabore/data/buzz.sqlite
2025-09-25 23:14:51 | INFO | Inserted one message into the database.
2025-09-25 23:14:54 | INFO | {'message': 'I just loved a movie! It was exciting.', 'author': 'Bob', 'timestamp': '2025-09-25 23:14:54', 'category': 'entertainment', 'sentiment': 0.19, 'keyword_mentioned': 'movie', 'message_length': 38}
2025-09-25 23:14:56 | INFO | Processed message: {'message': 'I just loved a movie! It was exciting.', 'author': 'Bob', 'timestamp': '2025-09-25 23:14:54', 'category': 'entertainment', 'sentiment': 0.19, 'keyword_mentioned': 'movie', 'message_length': 38}
2025-09-25 23:14:56 | INFO | Calling SQLite insert_message()
2025-09-25 23:14:56 | INFO | message={'message': 'I just loved a movie! It was exciting.', 'author': 'Bob', 'timestamp': '2025-09-25 23:14:54', 'category': 'entertainment', 'sentiment': 0.19, 'keyword_mentioned': 'movie', 'message_length': 38}
2025-09-25 23:14:56 | INFO | db_path=C:/Users/USER/buzzline-05-kabore/data/buzz.sqlite
2025-09-25 23:14:56 | INFO | Inserted one message into the database.
2025-09-25 23:14:59 | INFO | {'message': 'I just tried game! It was boring.', 'author': 'Eve', 'timestamp': '2025-09-25 23:14:59', 'category': 'gaming', 'sentiment': 0.95, 'keyword_mentioned': 'game', 'message_length': 33}
2025-09-25 23:15:01 | INFO | Processed message: {'message': 'I just tried game! It was boring.', 'author': 'Eve', 'timestamp': '2025-09-25 23:14:59', 'category': 'gaming', 'sentiment': 0.95, 'keyword_mentioned': 'game', 'message_length': 33}
2025-09-25 23:15:01 | INFO | Calling SQLite insert_message()
2025-09-25 23:15:01 | INFO | message={'message': 'I just tried game! It was boring.', 'author': 'Eve', 'timestamp': '2025-09-25 23:14:59', 'category': 'gaming', 'sentiment': 0.95, 'keyword_mentioned': 'game', 'message_length': 33}
2025-09-25 23:15:01 | INFO | db_path=C:/Users/USER/buzzline-05-kabore/data/buzz.sqlite
2025-09-25 23:15:01 | INFO | Inserted one message into the database.
2025-09-25 23:15:04 | INFO | {'message': 'I just tried recipe! It was funny.', 'author': 'Bob', 'timestamp': '2025-09-25 23:15:04', 'category': 'food', 'sentiment': 0.72, 'keyword_mentioned': 'recipe', 'message_length': 34}
2025-09-25 23:15:06 | INFO | Processed message: {'message': 'I just tried recipe! It was funny.', 'author': 'Bob', 'timestamp': '2025-09-25 23:15:04', 'category': 'food', 'sentiment': 0.72, 'keyword_mentioned': 'recipe', 'message_length': 34}
2025-09-25 23:15:06 | INFO | Calling SQLite insert_message()
2025-09-25 23:15:06 | INFO | message={'message': 'I just tried recipe! It was funny.', 'author': 'Bob', 'timestamp': '2025-09-25 23:15:04', 'category': 'food', 'sentiment': 0.72, 'keyword_mentioned': 'recipe', 'message_length': 34}
2025-09-25 23:15:06 | INFO | db_path=C:/Users/USER/buzzline-05-kabore/data/buzz.sqlite
2025-09-25 23:15:06 | INFO | Inserted one message into the database.
2025-09-25 23:15:09 | INFO | {'message': 'I just saw Python! It was funny.', 'author': 'Bob', 'timestamp': '2025-09-25 23:15:09', 'category': 'tech', 'sentiment': 0.49, 'keyword_mentioned': 'Python', 'message_length': 32}
2025-09-25 23:15:11 | INFO | Processed message: {'message': 'I just saw Python! It was funny.', 'author': 'Bob', 'timestamp': '2025-09-25 23:15:09', 'category': 'tech', 'sentiment': 0.49, 'keyword_mentioned': 'Python', 'message_length': 32}
2025-09-25 23:15:11 | INFO | Calling SQLite insert_message()
2025-09-25 23:15:11 | INFO | message={'message': 'I just saw Python! It was funny.', 'author': 'Bob', 'timestamp': '2025-09-25 23:15:09', 'category': 'tech', 'sentiment': 0.49, 'keyword_mentioned': 'Python', 'message_length': 32}
2025-09-25 23:15:11 | INFO | db_path=C:/Users/USER/buzzline-05-kabore/data/buzz.sqlite
2025-09-25 23:15:11 | INFO | Inserted one message into the database.
2025-09-25 23:15:14 | INFO | {'message': 'I just shared an app! It was exciting.', 'author': 'Eve', 'timestamp': '2025-09-25 23:15:14', 'category': 'other', 'sentiment': 0.42, 'keyword_mentioned': 'other', 'message_length': 38}
2025-09-25 23:15:16 | INFO | Processed message: {'message': 'I just shared an app! It was exciting.', 'author': 'Eve', 'timestamp': '2025-09-25 23:15:14', 'category': 'other', 'sentiment': 0.42, 'keyword_mentioned': 'other', 'message_length': 38}
2025-09-25 23:15:16 | INFO | Calling SQLite insert_message()
2025-09-25 23:15:16 | INFO | message={'message': 'I just shared an app! It was exciting.', 'author': 'Eve', 'timestamp': '2025-09-25 23:15:14', 'category': 'other', 'sentiment': 0.42, 'keyword_mentioned': 'other', 'message_length': 38}
2025-09-25 23:15:16 | INFO | db_path=C:/Users/USER/buzzline-05-kabore/data/buzz.sqlite
2025-09-25 23:15:16 | INFO | Inserted one message into the database.
2025-09-25 23:15:19 | INFO | {'message': 'I just found a story! It was amazing.', 'author': 'Bob', 'timestamp': '2025-09-25 23:15:19', 'category': 'other', 'sentiment': 0.97, 'keyword_mentioned': 'other', 'message_length': 37}
2025-09-25 23:15:21 | INFO | Processed message: {'message': 'I just found a story! It was amazing.', 'author': 'Bob', 'timestamp': '2025-09-25 23:15:19', 'category': 'other', 'sentiment': 0.97, 'keyword_mentioned': 'other', 'message_length': 37}
2025-09-25 23:15:21 | INFO | Calling SQLite insert_message()
2025-09-25 23:15:21 | INFO | message={'message': 'I just found a story! It was amazing.', 'author': 'Bob', 'timestamp': '2025-09-25 23:15:19', 'category': 'other', 'sentiment': 0.97, 'keyword_mentioned': 'other', 'message_length': 37}
2025-09-25 23:15:21 | INFO | db_path=C:/Users/USER/buzzline-05-kabore/data/buzz.sqlite
2025-09-25 23:15:21 | INFO | Inserted one message into the database.
2025-09-25 23:15:24 | INFO | {'message': 'I just saw game! It was amazing.', 'author': 'Charlie', 'timestamp': '2025-09-25 23:15:24', 'category': 'gaming', 'sentiment': 0.77, 'keyword_mentioned': 'game', 'message_length': 32}
2025-09-25 23:15:26 | INFO | Processed message: {'message': 'I just saw game! It was amazing.', 'author': 'Charlie', 'timestamp': '2025-09-25 23:15:24', 'category': 'gaming', 'sentiment': 0.77, 'keyword_mentioned': 'game', 'message_length': 32}
2025-09-25 23:15:26 | INFO | Calling SQLite insert_message()
2025-09-25 23:15:26 | INFO | message={'message': 'I just saw game! It was amazing.', 'author': 'Charlie', 'timestamp': '2025-09-25 23:15:24', 'category': 'gaming', 'sentiment': 0.77, 'keyword_mentioned': 'game', 'message_length': 32}
2025-09-25 23:15:26 | INFO | db_path=C:/Users/USER/buzzline-05-kabore/data/buzz.sqlite
2025-09-25 23:15:26 | INFO | Inserted one message into the database.
2025-09-25 23:15:29 | INFO | {'message': 'I just found a meme! It was amazing.', 'author': 'Bob', 'timestamp': '2025-09-25 23:15:29', 'category': 'humor', 'sentiment': 0.17, 'keyword_mentioned': 'meme', 'message_length': 36}
2025-09-25 23:15:31 | INFO | Processed message: {'message': 'I just found a meme! It was amazing.', 'author': 'Bob', 'timestamp': '2025-09-25 23:15:29', 'category': 'humor', 'sentiment': 0.17, 'keyword_mentioned': 'meme', 'message_length': 36}
2025-09-25 23:15:31 | INFO | Calling SQLite insert_message()
2025-09-25 23:15:31 | INFO | message={'message': 'I just found a meme! It was amazing.', 'author': 'Bob', 'timestamp': '2025-09-25 23:15:29', 'category': 'humor', 'sentiment': 0.17, 'keyword_mentioned': 'meme', 'message_length': 36}
2025-09-25 23:15:31 | INFO | db_path=C:/Users/USER/buzzline-05-kabore/data/buzz.sqlite
2025-09-25 23:15:31 | INFO | Inserted one message into the database.
2025-09-25 23:15:32 | INFO | Logging to file: logs/project_log.log
2025-09-25 23:15:32 | INFO | Log sanitization enabled, personal info removed
2025-09-25 23:15:32 | INFO | Starting Consumer to run continuously.
2025-09-25 23:15:32 | INFO | Things can fail or get interrupted, so use a try block.
2025-09-25 23:15:32 | INFO | Moved .env variables into a utils config module.
2025-09-25 23:15:32 | INFO | BUZZ_TOPIC: buzzline
2025-09-25 23:15:32 | INFO | BUZZ_CONSUMER_GROUP_ID: buzz_group
2025-09-25 23:15:32 | INFO | BASE_DATA_DIR: C:/Users/USER/buzzline-05-kabore/data
2025-09-25 23:15:32 | INFO | SQLITE_PATH: C:/Users/USER/buzzline-05-kabore/data/buzz.sqlite
2025-09-25 23:15:32 | INFO | SUCCESS: Read environment variables.
2025-09-25 23:15:32 | INFO | BUZZ_TOPIC: buzzline
2025-09-25 23:15:32 | INFO | BUZZ_CONSUMER_GROUP_ID: buzz_group
2025-09-25 23:15:32 | INFO | SQLITE_PATH: C:/Users/USER/buzzline-05-kabore/data/buzz.sqlite
2025-09-25 23:15:32 | INFO | Calling SQLite init_db() with db_path=C:/Users/USER/buzzline-05-kabore/data/buzz.sqlite
2025-09-25 23:15:32 | INFO | SUCCESS: Database initialized and table ready at C:/Users/USER/buzzline-05-kabore/data/buzz.sqlite.
2025-09-25 23:15:32 | INFO | Database initialized/ready at C:/Users/USER/buzzline-05-kabore/data/buzz.sqlite.
2025-09-25 23:15:32 | INFO | Called consume_messages_from_kafka() with:
2025-09-25 23:15:32 | INFO |    topic='buzzline'
2025-09-25 23:15:32 | INFO |    group='buzz_group'
2025-09-25 23:15:32 | INFO |    sql_path=WindowsPath('C:/Users/USER/buzzline-05-kabore/data/buzz.sqlite')
2025-09-25 23:15:32 | INFO | Kafka broker address: localhost:9092
2025-09-25 23:15:33 | INFO | Kafka is ready. Brokers: {'throttle_time_ms': 0, 'brokers': [{'node_id': 1, 'host': 'localhost', 'port': 9092, 'rack': None}], 'cluster_id': 'SMuszGUlSmWzBR_KmgwvGg', 'controller_id': 1}
2025-09-25 23:15:33 | INFO | Kafka broker address: localhost:9092
2025-09-25 23:15:33 | INFO | Creating Kafka consumer. Topic='buzzline' and group ID='buzz_group'.
2025-09-25 23:15:33 | INFO | Kafka consumer created successfully.
2025-09-25 23:15:33 | INFO | KafkaConsumer created.
2025-09-25 23:15:33 | INFO | Starting real-time consume loop...
2025-09-25 23:15:34 | INFO | {'message': 'I just saw an app! It was amazing.', 'author': 'Bob', 'timestamp': '2025-09-25 23:15:34', 'category': 'other', 'sentiment': 0.45, 'keyword_mentioned': 'other', 'message_length': 34}
2025-09-25 23:15:36 | INFO | Processed message: {'message': 'I just saw an app! It was amazing.', 'author': 'Bob', 'timestamp': '2025-09-25 23:15:34', 'category': 'other', 'sentiment': 0.45, 'keyword_mentioned': 'other', 'message_length': 34}
2025-09-25 23:15:36 | INFO | Calling SQLite insert_message()
2025-09-25 23:15:36 | INFO | message={'message': 'I just saw an app! It was amazing.', 'author': 'Bob', 'timestamp': '2025-09-25 23:15:34', 'category': 'other', 'sentiment': 0.45, 'keyword_mentioned': 'other', 'message_length': 34}
2025-09-25 23:15:36 | INFO | db_path=C:/Users/USER/buzzline-05-kabore/data/buzz.sqlite
2025-09-25 23:15:36 | INFO | Inserted one message into the database.
2025-09-25 23:15:39 | INFO | {'message': 'I just found a movie! It was boring.', 'author': 'Charlie', 'timestamp': '2025-09-25 23:15:39', 'category': 'entertainment', 'sentiment': 0.67, 'keyword_mentioned': 'movie', 'message_length': 36}
2025-09-25 23:15:41 | INFO | Processed message: {'message': 'I just found a movie! It was boring.', 'author': 'Charlie', 'timestamp': '2025-09-25 23:15:39', 'category': 'entertainment', 'sentiment': 0.67, 'keyword_mentioned': 'movie', 'message_length': 36}
2025-09-25 23:15:41 | INFO | Calling SQLite insert_message()
2025-09-25 23:15:41 | INFO | message={'message': 'I just found a movie! It was boring.', 'author': 'Charlie', 'timestamp': '2025-09-25 23:15:39', 'category': 'entertainment', 'sentiment': 0.67, 'keyword_mentioned': 'movie', 'message_length': 36}
2025-09-25 23:15:41 | INFO | db_path=C:/Users/USER/buzzline-05-kabore/data/buzz.sqlite
2025-09-25 23:15:41 | INFO | Inserted one message into the database.
2025-09-25 23:15:44 | INFO | {'message': 'I just loved a story! It was amazing.', 'author': 'Alice', 'timestamp': '2025-09-25 23:15:44', 'category': 'other', 'sentiment': 0.73, 'keyword_mentioned': 'other', 'message_length': 37}
2025-09-25 23:15:46 | INFO | Processed message: {'message': 'I just loved a story! It was amazing.', 'author': 'Alice', 'timestamp': '2025-09-25 23:15:44', 'category': 'other', 'sentiment': 0.73, 'keyword_mentioned': 'other', 'message_length': 37}
2025-09-25 23:15:46 | INFO | Calling SQLite insert_message()
2025-09-25 23:15:46 | INFO | message={'message': 'I just loved a story! It was amazing.', 'author': 'Alice', 'timestamp': '2025-09-25 23:15:44', 'category': 'other', 'sentiment': 0.73, 'keyword_mentioned': 'other', 'message_length': 37}
2025-09-25 23:15:46 | INFO | db_path=C:/Users/USER/buzzline-05-kabore/data/buzz.sqlite
2025-09-25 23:15:46 | INFO | Inserted one message into the database.
2025-09-25 23:15:49 | INFO | {'message': 'I just saw a movie! It was weird.', 'author': 'Charlie', 'timestamp': '2025-09-25 23:15:49', 'category': 'entertainment', 'sentiment': 0.61, 'keyword_mentioned': 'movie', 'message_length': 33}
2025-09-25 23:15:51 | INFO | Processed message: {'message': 'I just saw a movie! It was weird.', 'author': 'Charlie', 'timestamp': '2025-09-25 23:15:49', 'category': 'entertainment', 'sentiment': 0.61, 'keyword_mentioned': 'movie', 'message_length': 33}
2025-09-25 23:15:51 | INFO | Calling SQLite insert_message()
2025-09-25 23:15:51 | INFO | message={'message': 'I just saw a movie! It was weird.', 'author': 'Charlie', 'timestamp': '2025-09-25 23:15:49', 'category': 'entertainment', 'sentiment': 0.61, 'keyword_mentioned': 'movie', 'message_length': 33}
2025-09-25 23:15:51 | INFO | db_path=C:/Users/USER/buzzline-05-kabore/data/buzz.sqlite
2025-09-25 23:15:51 | INFO | Inserted one message into the database.
2025-09-25 23:15:54 | INFO | {'message': 'I just saw a trick! It was boring.', 'author': 'Bob', 'timestamp': '2025-09-25 23:15:54', 'category': 'other', 'sentiment': 0.32, 'keyword_mentioned': 'other', 'message_length': 34}
2025-09-25 23:15:56 | INFO | Processed message: {'message': 'I just saw a trick! It was boring.', 'author': 'Bob', 'timestamp': '2025-09-25 23:15:54', 'category': 'other', 'sentiment': 0.32, 'keyword_mentioned': 'other', 'message_length': 34}
2025-09-25 23:15:56 | INFO | Calling SQLite insert_message()
2025-09-25 23:15:56 | INFO | message={'message': 'I just saw a trick! It was boring.', 'author': 'Bob', 'timestamp': '2025-09-25 23:15:54', 'category': 'other', 'sentiment': 0.32, 'keyword_mentioned': 'other', 'message_length': 34}
2025-09-25 23:15:56 | INFO | db_path=C:/Users/USER/buzzline-05-kabore/data/buzz.sqlite
2025-09-25 23:15:56 | INFO | Inserted one message into the database.
2025-09-25 23:15:59 | INFO | {'message': 'I just saw Python! It was weird.', 'author': 'Charlie', 'timestamp': '2025-09-25 23:15:59', 'category': 'tech', 'sentiment': 0.38, 'keyword_mentioned': 'Python', 'message_length': 32}
2025-09-25 23:16:01 | INFO | Processed message: {'message': 'I just saw Python! It was weird.', 'author': 'Charlie', 'timestamp': '2025-09-25 23:15:59', 'category': 'tech', 'sentiment': 0.38, 'keyword_mentioned': 'Python', 'message_length': 32}
2025-09-25 23:16:01 | INFO | Calling SQLite insert_message()
2025-09-25 23:16:01 | INFO | message={'message': 'I just saw Python! It was weird.', 'author': 'Charlie', 'timestamp': '2025-09-25 23:15:59', 'category': 'tech', 'sentiment': 0.38, 'keyword_mentioned': 'Python', 'message_length': 32}
2025-09-25 23:16:01 | INFO | db_path=C:/Users/USER/buzzline-05-kabore/data/buzz.sqlite
2025-09-25 23:16:01 | INFO | Inserted one message into the database.
2025-09-25 23:16:04 | INFO | {'message': 'I just saw an app! It was boring.', 'author': 'Charlie', 'timestamp': '2025-09-25 23:16:04', 'category': 'other', 'sentiment': 0.71, 'keyword_mentioned': 'other', 'message_length': 33}
2025-09-25 23:16:06 | INFO | Processed message: {'message': 'I just saw an app! It was boring.', 'author': 'Charlie', 'timestamp': '2025-09-25 23:16:04', 'category': 'other', 'sentiment': 0.71, 'keyword_mentioned': 'other', 'message_length': 33}
2025-09-25 23:16:06 | INFO | Calling SQLite insert_message()
2025-09-25 23:16:06 | INFO | message={'message': 'I just saw an app! It was boring.', 'author': 'Charlie', 'timestamp': '2025-09-25 23:16:04', 'category': 'other', 'sentiment': 0.71, 'keyword_mentioned': 'other', 'message_length': 33}
2025-09-25 23:16:06 | INFO | db_path=C:/Users/USER/buzzline-05-kabore/data/buzz.sqlite
2025-09-25 23:16:06 | INFO | Inserted one message into the database.
2025-09-25 23:16:09 | INFO | {'message': 'I just loved JavaScript! It was amazing.', 'author': 'Bob', 'timestamp': '2025-09-25 23:16:09', 'category': 'tech', 'sentiment': 0.91, 'keyword_mentioned': 'JavaScript', 'message_length': 40}
2025-09-25 23:16:11 | INFO | Processed message: {'message': 'I just loved JavaScript! It was amazing.', 'author': 'Bob', 'timestamp': '2025-09-25 23:16:09', 'category': 'tech', 'sentiment': 0.91, 'keyword_mentioned': 'JavaScript', 'message_length': 40}
2025-09-25 23:16:11 | INFO | Calling SQLite insert_message()
2025-09-25 23:16:11 | INFO | message={'message': 'I just loved JavaScript! It was amazing.', 'author': 'Bob', 'timestamp': '2025-09-25 23:16:09', 'category': 'tech', 'sentiment': 0.91, 'keyword_mentioned': 'JavaScript', 'message_length': 40}
2025-09-25 23:16:11 | INFO | db_path=C:/Users/USER/buzzline-05-kabore/data/buzz.sqlite
2025-09-25 23:16:11 | INFO | Inserted one message into the database.
2025-09-25 23:16:14 | INFO | {'message': 'I just tried an app! It was funny.', 'author': 'Bob', 'timestamp': '2025-09-25 23:16:14', 'category': 'other', 'sentiment': 0.65, 'keyword_mentioned': 'other', 'message_length': 34}
2025-09-25 23:16:16 | INFO | Processed message: {'message': 'I just tried an app! It was funny.', 'author': 'Bob', 'timestamp': '2025-09-25 23:16:14', 'category': 'other', 'sentiment': 0.65, 'keyword_mentioned': 'other', 'message_length': 34}
2025-09-25 23:16:16 | INFO | Calling SQLite insert_message()
2025-09-25 23:16:16 | INFO | message={'message': 'I just tried an app! It was funny.', 'author': 'Bob', 'timestamp': '2025-09-25 23:16:14', 'category': 'other', 'sentiment': 0.65, 'keyword_mentioned': 'other', 'message_length': 34}
2025-09-25 23:16:16 | INFO | db_path=C:/Users/USER/buzzline-05-kabore/data/buzz.sqlite
2025-09-25 23:16:16 | INFO | Inserted one message into the database.
2025-09-25 23:16:19 | INFO | {'message': 'I just shared a story! It was funny.', 'author': 'Charlie', 'timestamp': '2025-09-25 23:16:19', 'category': 'other', 'sentiment': 0.43, 'keyword_mentioned': 'other', 'message_length': 36}
2025-09-25 23:16:21 | INFO | Processed message: {'message': 'I just shared a story! It was funny.', 'author': 'Charlie', 'timestamp': '2025-09-25 23:16:19', 'category': 'other', 'sentiment': 0.43, 'keyword_mentioned': 'other', 'message_length': 36}
2025-09-25 23:16:21 | INFO | Calling SQLite insert_message()
2025-09-25 23:16:21 | INFO | message={'message': 'I just shared a story! It was funny.', 'author': 'Charlie', 'timestamp': '2025-09-25 23:16:19', 'category': 'other', 'sentiment': 0.43, 'keyword_mentioned': 'other', 'message_length': 36}
2025-09-25 23:16:21 | INFO | db_path=C:/Users/USER/buzzline-05-kabore/data/buzz.sqlite
2025-09-25 23:16:21 | INFO | Inserted one message into the database.
2025-09-25 23:16:24 | INFO | {'message': 'I just found a trick! It was funny.', 'author': 'Eve', 'timestamp': '2025-09-25 23:16:24', 'category': 'other', 'sentiment': 0.23, 'keyword_mentioned': 'other', 'message_length': 35}
2025-09-25 23:16:26 | INFO | Processed message: {'message': 'I just found a trick! It was funny.', 'author': 'Eve', 'timestamp': '2025-09-25 23:16:24', 'category': 'other', 'sentiment': 0.23, 'keyword_mentioned': 'other', 'message_length': 35}
2025-09-25 23:16:26 | INFO | Calling SQLite insert_message()
2025-09-25 23:16:26 | INFO | message={'message': 'I just found a trick! It was funny.', 'author': 'Eve', 'timestamp': '2025-09-25 23:16:24', 'category': 'other', 'sentiment': 0.23, 'keyword_mentioned': 'other', 'message_length': 35}
2025-09-25 23:16:26 | INFO | db_path=C:/Users/USER/buzzline-05-kabore/data/buzz.sqlite
2025-09-25 23:16:26 | INFO | Inserted one message into the database.
2025-09-25 23:16:29 | INFO | {'message': 'I just shared travel! It was boring.', 'author': 'Eve', 'timestamp': '2025-09-25 23:16:29', 'category': 'travel', 'sentiment': 0.26, 'keyword_mentioned': 'travel', 'message_length': 36}
2025-09-25 23:16:31 | INFO | Processed message: {'message': 'I just shared travel! It was boring.', 'author': 'Eve', 'timestamp': '2025-09-25 23:16:29', 'category': 'travel', 'sentiment': 0.26, 'keyword_mentioned': 'travel', 'message_length': 36}
2025-09-25 23:16:31 | INFO | Calling SQLite insert_message()
2025-09-25 23:16:31 | INFO | message={'message': 'I just shared travel! It was boring.', 'author': 'Eve', 'timestamp': '2025-09-25 23:16:29', 'category': 'travel', 'sentiment': 0.26, 'keyword_mentioned': 'travel', 'message_length': 36}
2025-09-25 23:16:31 | INFO | db_path=C:/Users/USER/buzzline-05-kabore/data/buzz.sqlite
2025-09-25 23:16:31 | INFO | Inserted one message into the database.
2025-09-25 23:16:34 | INFO | {'message': 'I just loved a meme! It was exciting.', 'author': 'Alice', 'timestamp': '2025-09-25 23:16:34', 'category': 'humor', 'sentiment': 0.51, 'keyword_mentioned': 'meme', 'message_length': 37}
2025-09-25 23:16:36 | INFO | Processed message: {'message': 'I just loved a meme! It was exciting.', 'author': 'Alice', 'timestamp': '2025-09-25 23:16:34', 'category': 'humor', 'sentiment': 0.51, 'keyword_mentioned': 'meme', 'message_length': 37}
2025-09-25 23:16:36 | INFO | Calling SQLite insert_message()
2025-09-25 23:16:36 | INFO | message={'message': 'I just loved a meme! It was exciting.', 'author': 'Alice', 'timestamp': '2025-09-25 23:16:34', 'category': 'humor', 'sentiment': 0.51, 'keyword_mentioned': 'meme', 'message_length': 37}
2025-09-25 23:16:36 | INFO | db_path=C:/Users/USER/buzzline-05-kabore/data/buzz.sqlite
2025-09-25 23:16:36 | INFO | Inserted one message into the database.
2025-09-25 23:16:39 | INFO | {'message': 'I just tried a story! It was exciting.', 'author': 'Alice', 'timestamp': '2025-09-25 23:16:39', 'category': 'other', 'sentiment': 0.98, 'keyword_mentioned': 'other', 'message_length': 38}
2025-09-25 23:16:41 | INFO | Processed message: {'message': 'I just tried a story! It was exciting.', 'author': 'Alice', 'timestamp': '2025-09-25 23:16:39', 'category': 'other', 'sentiment': 0.98, 'keyword_mentioned': 'other', 'message_length': 38}
2025-09-25 23:16:41 | INFO | Calling SQLite insert_message()
2025-09-25 23:16:41 | INFO | message={'message': 'I just tried a story! It was exciting.', 'author': 'Alice', 'timestamp': '2025-09-25 23:16:39', 'category': 'other', 'sentiment': 0.98, 'keyword_mentioned': 'other', 'message_length': 38}
2025-09-25 23:16:41 | INFO | db_path=C:/Users/USER/buzzline-05-kabore/data/buzz.sqlite
2025-09-25 23:16:41 | INFO | Inserted one message into the database.
2025-09-25 23:16:44 | INFO | {'message': 'I just saw a story! It was amazing.', 'author': 'Bob', 'timestamp': '2025-09-25 23:16:44', 'category': 'other', 'sentiment': 0.3, 'keyword_mentioned': 'other', 'message_length': 35}
2025-09-25 23:16:46 | INFO | Processed message: {'message': 'I just saw a story! It was amazing.', 'author': 'Bob', 'timestamp': '2025-09-25 23:16:44', 'category': 'other', 'sentiment': 0.3, 'keyword_mentioned': 'other', 'message_length': 35}
2025-09-25 23:16:46 | INFO | Calling SQLite insert_message()
2025-09-25 23:16:46 | INFO | message={'message': 'I just saw a story! It was amazing.', 'author': 'Bob', 'timestamp': '2025-09-25 23:16:44', 'category': 'other', 'sentiment': 0.3, 'keyword_mentioned': 'other', 'message_length': 35}
2025-09-25 23:16:46 | INFO | db_path=C:/Users/USER/buzzline-05-kabore/data/buzz.sqlite
2025-09-25 23:16:46 | INFO | Inserted one message into the database.
2025-09-25 23:16:49 | INFO | {'message': 'I just tried a movie! It was funny.', 'author': 'Bob', 'timestamp': '2025-09-25 23:16:49', 'category': 'entertainment', 'sentiment': 0.33, 'keyword_mentioned': 'movie', 'message_length': 35}
2025-09-25 23:16:51 | INFO | Processed message: {'message': 'I just tried a movie! It was funny.', 'author': 'Bob', 'timestamp': '2025-09-25 23:16:49', 'category': 'entertainment', 'sentiment': 0.33, 'keyword_mentioned': 'movie', 'message_length': 35}
2025-09-25 23:16:51 | INFO | Calling SQLite insert_message()
2025-09-25 23:16:51 | INFO | message={'message': 'I just tried a movie! It was funny.', 'author': 'Bob', 'timestamp': '2025-09-25 23:16:49', 'category': 'entertainment', 'sentiment': 0.33, 'keyword_mentioned': 'movie', 'message_length': 35}
2025-09-25 23:16:51 | INFO | db_path=C:/Users/USER/buzzline-05-kabore/data/buzz.sqlite
2025-09-25 23:16:51 | INFO | Inserted one message into the database.
2025-09-25 23:16:54 | INFO | {'message': 'I just loved an app! It was weird.', 'author': 'Alice', 'timestamp': '2025-09-25 23:16:54', 'category': 'other', 'sentiment': 0.36, 'keyword_mentioned': 'other', 'message_length': 34}
2025-09-25 23:16:56 | INFO | Processed message: {'message': 'I just loved an app! It was weird.', 'author': 'Alice', 'timestamp': '2025-09-25 23:16:54', 'category': 'other', 'sentiment': 0.36, 'keyword_mentioned': 'other', 'message_length': 34}
2025-09-25 23:16:56 | INFO | Calling SQLite insert_message()
2025-09-25 23:16:56 | INFO | message={'message': 'I just loved an app! It was weird.', 'author': 'Alice', 'timestamp': '2025-09-25 23:16:54', 'category': 'other', 'sentiment': 0.36, 'keyword_mentioned': 'other', 'message_length': 34}
2025-09-25 23:16:56 | INFO | db_path=C:/Users/USER/buzzline-05-kabore/data/buzz.sqlite
2025-09-25 23:16:56 | INFO | Inserted one message into the database.
2025-09-25 23:16:59 | INFO | {'message': 'I just found an app! It was exciting.', 'author': 'Charlie', 'timestamp': '2025-09-25 23:16:59', 'category': 'other', 'sentiment': 0.01, 'keyword_mentioned': 'other', 'message_length': 37}
2025-09-25 23:17:01 | INFO | Processed message: {'message': 'I just found an app! It was exciting.', 'author': 'Charlie', 'timestamp': '2025-09-25 23:16:59', 'category': 'other', 'sentiment': 0.01, 'keyword_mentioned': 'other', 'message_length': 37}
2025-09-25 23:17:01 | INFO | Calling SQLite insert_message()
2025-09-25 23:17:01 | INFO | message={'message': 'I just found an app! It was exciting.', 'author': 'Charlie', 'timestamp': '2025-09-25 23:16:59', 'category': 'other', 'sentiment': 0.01, 'keyword_mentioned': 'other', 'message_length': 37}
2025-09-25 23:17:01 | INFO | db_path=C:/Users/USER/buzzline-05-kabore/data/buzz.sqlite
2025-09-25 23:17:01 | INFO | Inserted one message into the database.
2025-09-25 23:17:04 | INFO | {'message': 'I just found Python! It was exciting.', 'author': 'Bob', 'timestamp': '2025-09-25 23:17:04', 'category': 'tech', 'sentiment': 0.81, 'keyword_mentioned': 'Python', 'message_length': 37}
2025-09-25 23:17:06 | INFO | Processed message: {'message': 'I just found Python! It was exciting.', 'author': 'Bob', 'timestamp': '2025-09-25 23:17:04', 'category': 'tech', 'sentiment': 0.81, 'keyword_mentioned': 'Python', 'message_length': 37}
2025-09-25 23:17:06 | INFO | Calling SQLite insert_message()
2025-09-25 23:17:06 | INFO | message={'message': 'I just found Python! It was exciting.', 'author': 'Bob', 'timestamp': '2025-09-25 23:17:04', 'category': 'tech', 'sentiment': 0.81, 'keyword_mentioned': 'Python', 'message_length': 37}
2025-09-25 23:17:06 | INFO | db_path=C:/Users/USER/buzzline-05-kabore/data/buzz.sqlite
2025-09-25 23:17:06 | INFO | Inserted one message into the database.
2025-09-25 23:17:09 | INFO | {'message': 'I just found an app! It was boring.', 'author': 'Charlie', 'timestamp': '2025-09-25 23:17:09', 'category': 'other', 'sentiment': 0.09, 'keyword_mentioned': 'other', 'message_length': 35}
2025-09-25 23:17:11 | INFO | Processed message: {'message': 'I just found an app! It was boring.', 'author': 'Charlie', 'timestamp': '2025-09-25 23:17:09', 'category': 'other', 'sentiment': 0.09, 'keyword_mentioned': 'other', 'message_length': 35}
2025-09-25 23:17:11 | INFO | Calling SQLite insert_message()
2025-09-25 23:17:11 | INFO | message={'message': 'I just found an app! It was boring.', 'author': 'Charlie', 'timestamp': '2025-09-25 23:17:09', 'category': 'other', 'sentiment': 0.09, 'keyword_mentioned': 'other', 'message_length': 35}
2025-09-25 23:17:11 | INFO | db_path=C:/Users/USER/buzzline-05-kabore/data/buzz.sqlite
2025-09-25 23:17:11 | INFO | Inserted one message into the database.
2025-09-25 23:17:14 | INFO | {'message': 'I just tried an app! It was exciting.', 'author': 'Eve', 'timestamp': '2025-09-25 23:17:14', 'category': 'other', 'sentiment': 0.67, 'keyword_mentioned': 'other', 'message_length': 37}
2025-09-25 23:17:16 | INFO | Processed message: {'message': 'I just tried an app! It was exciting.', 'author': 'Eve', 'timestamp': '2025-09-25 23:17:14', 'category': 'other', 'sentiment': 0.67, 'keyword_mentioned': 'other', 'message_length': 37}
2025-09-25 23:17:16 | INFO | Calling SQLite insert_message()
2025-09-25 23:17:16 | INFO | message={'message': 'I just tried an app! It was exciting.', 'author': 'Eve', 'timestamp': '2025-09-25 23:17:14', 'category': 'other', 'sentiment': 0.67, 'keyword_mentioned': 'other', 'message_length': 37}
2025-09-25 23:17:16 | INFO | db_path=C:/Users/USER/buzzline-05-kabore/data/buzz.sqlite
2025-09-25 23:17:16 | INFO | Inserted one message into the database.
2025-09-25 23:17:19 | INFO | {'message': 'I just saw JavaScript! It was exciting.', 'author': 'Charlie', 'timestamp': '2025-09-25 23:17:19', 'category': 'tech', 'sentiment': 0.32, 'keyword_mentioned': 'JavaScript', 'message_length': 39}
2025-09-25 23:17:21 | INFO | Processed message: {'message': 'I just saw JavaScript! It was exciting.', 'author': 'Charlie', 'timestamp': '2025-09-25 23:17:19', 'category': 'tech', 'sentiment': 0.32, 'keyword_mentioned': 'JavaScript', 'message_length': 39}
2025-09-25 23:17:21 | INFO | Calling SQLite insert_message()
2025-09-25 23:17:21 | INFO | message={'message': 'I just saw JavaScript! It was exciting.', 'author': 'Charlie', 'timestamp': '2025-09-25 23:17:19', 'category': 'tech', 'sentiment': 0.32, 'keyword_mentioned': 'JavaScript', 'message_length': 39}
2025-09-25 23:17:21 | INFO | db_path=C:/Users/USER/buzzline-05-kabore/data/buzz.sqlite
2025-09-25 23:17:21 | INFO | Inserted one message into the database.
2025-09-25 23:17:24 | INFO | {'message': 'I just tried a story! It was boring.', 'author': 'Alice', 'timestamp': '2025-09-25 23:17:24', 'category': 'other', 'sentiment': 0.96, 'keyword_mentioned': 'other', 'message_length': 36}
2025-09-25 23:17:26 | INFO | Processed message: {'message': 'I just tried a story! It was boring.', 'author': 'Alice', 'timestamp': '2025-09-25 23:17:24', 'category': 'other', 'sentiment': 0.96, 'keyword_mentioned': 'other', 'message_length': 36}
2025-09-25 23:17:26 | INFO | Calling SQLite insert_message()
2025-09-25 23:17:26 | INFO | message={'message': 'I just tried a story! It was boring.', 'author': 'Alice', 'timestamp': '2025-09-25 23:17:24', 'category': 'other', 'sentiment': 0.96, 'keyword_mentioned': 'other', 'message_length': 36}
2025-09-25 23:17:26 | INFO | db_path=C:/Users/USER/buzzline-05-kabore/data/buzz.sqlite
2025-09-25 23:17:26 | INFO | Inserted one message into the database.
2025-09-25 23:17:29 | INFO | {'message': 'I just found travel! It was funny.', 'author': 'Eve', 'timestamp': '2025-09-25 23:17:29', 'category': 'travel', 'sentiment': 0.42, 'keyword_mentioned': 'travel', 'message_length': 34}
2025-09-25 23:17:31 | INFO | Processed message: {'message': 'I just found travel! It was funny.', 'author': 'Eve', 'timestamp': '2025-09-25 23:17:29', 'category': 'travel', 'sentiment': 0.42, 'keyword_mentioned': 'travel', 'message_length': 34}
2025-09-25 23:17:31 | INFO | Calling SQLite insert_message()
2025-09-25 23:17:31 | INFO | message={'message': 'I just found travel! It was funny.', 'author': 'Eve', 'timestamp': '2025-09-25 23:17:29', 'category': 'travel', 'sentiment': 0.42, 'keyword_mentioned': 'travel', 'message_length': 34}
2025-09-25 23:17:31 | INFO | db_path=C:/Users/USER/buzzline-05-kabore/data/buzz.sqlite
2025-09-25 23:17:31 | INFO | Inserted one message into the database.
2025-09-25 23:17:34 | INFO | {'message': 'I just found travel! It was amazing.', 'author': 'Alice', 'timestamp': '2025-09-25 23:17:34', 'category': 'travel', 'sentiment': 0.25, 'keyword_mentioned': 'travel', 'message_length': 36}
2025-09-25 23:17:36 | INFO | Processed message: {'message': 'I just found travel! It was amazing.', 'author': 'Alice', 'timestamp': '2025-09-25 23:17:34', 'category': 'travel', 'sentiment': 0.25, 'keyword_mentioned': 'travel', 'message_length': 36}
2025-09-25 23:17:36 | INFO | Calling SQLite insert_message()
2025-09-25 23:17:36 | INFO | message={'message': 'I just found travel! It was amazing.', 'author': 'Alice', 'timestamp': '2025-09-25 23:17:34', 'category': 'travel', 'sentiment': 0.25, 'keyword_mentioned': 'travel', 'message_length': 36}
2025-09-25 23:17:36 | INFO | db_path=C:/Users/USER/buzzline-05-kabore/data/buzz.sqlite
2025-09-25 23:17:36 | INFO | Inserted one message into the database.
2025-09-25 23:17:39 | INFO | {'message': 'I just saw a trick! It was boring.', 'author': 'Eve', 'timestamp': '2025-09-25 23:17:39', 'category': 'other', 'sentiment': 0.43, 'keyword_mentioned': 'other', 'message_length': 34}
2025-09-25 23:17:41 | INFO | Processed message: {'message': 'I just saw a trick! It was boring.', 'author': 'Eve', 'timestamp': '2025-09-25 23:17:39', 'category': 'other', 'sentiment': 0.43, 'keyword_mentioned': 'other', 'message_length': 34}
2025-09-25 23:17:41 | INFO | Calling SQLite insert_message()
2025-09-25 23:17:41 | INFO | message={'message': 'I just saw a trick! It was boring.', 'author': 'Eve', 'timestamp': '2025-09-25 23:17:39', 'category': 'other', 'sentiment': 0.43, 'keyword_mentioned': 'other', 'message_length': 34}
2025-09-25 23:17:41 | INFO | db_path=C:/Users/USER/buzzline-05-kabore/data/buzz.sqlite
2025-09-25 23:17:41 | INFO | Inserted one message into the database.
2025-09-25 23:17:44 | INFO | {'message': 'I just saw a story! It was amazing.', 'author': 'Charlie', 'timestamp': '2025-09-25 23:17:44', 'category': 'other', 'sentiment': 0.16, 'keyword_mentioned': 'other', 'message_length': 35}
2025-09-25 23:17:46 | INFO | Calling SQLite insert_message()
2025-09-25 23:17:47 | INFO | db_path=C:/Users/USER/buzzline-05-kabore/data/buzz.sqlite
