2025-09-22 17:59:50 | INFO | {'message': 'I just tried a story! It was exciting.', 'author': 'Charlie', 'timestamp': '2025-09-22 17:59:50', 'category': 'other', 'sentiment': 0.75, 'keyword_mentioned': 'other', 'message_length': 38}
2025-09-22 17:59:55 | INFO | {'message': 'I just found game! It was amazing.', 'author': 'Alice', 'timestamp': '2025-09-22 17:59:55', 'category': 'gaming', 'sentiment': 0.43, 'keyword_mentioned': 'game', 'message_length': 34}
2025-09-22 18:00:00 | INFO | {'message': 'I just loved a trick! It was amazing.', 'author': 'Eve', 'timestamp': '2025-09-22 18:00:00', 'category': 'other', 'sentiment': 0.48, 'keyword_mentioned': 'other', 'message_length': 37}
2025-09-22 18:00:05 | INFO | {'message': 'I just tried a trick! It was weird.', 'author': 'Alice', 'timestamp': '2025-09-22 18:00:05', 'category': 'other', 'sentiment': 0.48, 'keyword_mentioned': 'other', 'message_length': 35}
2025-09-22 18:00:10 | INFO | {'message': 'I just tried a trick! It was weird.', 'author': 'Eve', 'timestamp': '2025-09-22 18:00:10', 'category': 'other', 'sentiment': 0.39, 'keyword_mentioned': 'other', 'message_length': 35}
2025-09-22 18:00:15 | INFO | {'message': 'I just tried JavaScript! It was amazing.', 'author': 'Eve', 'timestamp': '2025-09-22 18:00:15', 'category': 'tech', 'sentiment': 0.01, 'keyword_mentioned': 'JavaScript', 'message_length': 40}
2025-09-22 18:00:20 | INFO | {'message': 'I just tried Python! It was exciting.', 'author': 'Alice', 'timestamp': '2025-09-22 18:00:20', 'category': 'tech', 'sentiment': 0.24, 'keyword_mentioned': 'Python', 'message_length': 37}
2025-09-22 18:00:25 | INFO | {'message': 'I just found a trick! It was amazing.', 'author': 'Bob', 'timestamp': '2025-09-22 18:00:25', 'category': 'other', 'sentiment': 0.75, 'keyword_mentioned': 'other', 'message_length': 37}
2025-09-22 18:00:30 | INFO | {'message': 'I just found recipe! It was funny.', 'author': 'Eve', 'timestamp': '2025-09-22 18:00:30', 'category': 'food', 'sentiment': 0.69, 'keyword_mentioned': 'recipe', 'message_length': 34}
2025-09-22 18:00:35 | INFO | {'message': 'I just shared a trick! It was amazing.', 'author': 'Eve', 'timestamp': '2025-09-22 18:00:35', 'category': 'other', 'sentiment': 0.67, 'keyword_mentioned': 'other', 'message_length': 38}
2025-09-22 18:00:40 | INFO | {'message': 'I just shared Python! It was boring.', 'author': 'Alice', 'timestamp': '2025-09-22 18:00:40', 'category': 'tech', 'sentiment': 0.56, 'keyword_mentioned': 'Python', 'message_length': 36}
2025-09-22 18:00:45 | INFO | {'message': 'I just shared JavaScript! It was amazing.', 'author': 'Eve', 'timestamp': '2025-09-22 18:00:45', 'category': 'tech', 'sentiment': 0.23, 'keyword_mentioned': 'JavaScript', 'message_length': 41}
2025-09-22 18:00:50 | INFO | {'message': 'I just loved recipe! It was exciting.', 'author': 'Bob', 'timestamp': '2025-09-22 18:00:50', 'category': 'food', 'sentiment': 0.01, 'keyword_mentioned': 'recipe', 'message_length': 37}
2025-09-22 18:00:55 | INFO | {'message': 'I just saw an app! It was exciting.', 'author': 'Eve', 'timestamp': '2025-09-22 18:00:55', 'category': 'other', 'sentiment': 0.76, 'keyword_mentioned': 'other', 'message_length': 35}
2025-09-22 18:01:00 | INFO | {'message': 'I just found JavaScript! It was weird.', 'author': 'Bob', 'timestamp': '2025-09-22 18:01:00', 'category': 'tech', 'sentiment': 0.7, 'keyword_mentioned': 'JavaScript', 'message_length': 38}
2025-09-22 18:01:05 | INFO | {'message': 'I just found travel! It was weird.', 'author': 'Eve', 'timestamp': '2025-09-22 18:01:05', 'category': 'travel', 'sentiment': 0.62, 'keyword_mentioned': 'travel', 'message_length': 34}
2025-09-22 18:01:10 | INFO | {'message': 'I just tried JavaScript! It was amazing.', 'author': 'Eve', 'timestamp': '2025-09-22 18:01:10', 'category': 'tech', 'sentiment': 0.62, 'keyword_mentioned': 'JavaScript', 'message_length': 40}
2025-09-22 18:01:15 | INFO | {'message': 'I just loved a meme! It was exciting.', 'author': 'Charlie', 'timestamp': '2025-09-22 18:01:15', 'category': 'humor', 'sentiment': 0.14, 'keyword_mentioned': 'meme', 'message_length': 37}
2025-09-22 18:01:20 | INFO | {'message': 'I just loved a story! It was amazing.', 'author': 'Charlie', 'timestamp': '2025-09-22 18:01:20', 'category': 'other', 'sentiment': 0.14, 'keyword_mentioned': 'other', 'message_length': 37}
2025-09-22 18:01:25 | INFO | {'message': 'I just tried a story! It was exciting.', 'author': 'Eve', 'timestamp': '2025-09-22 18:01:25', 'category': 'other', 'sentiment': 0.5, 'keyword_mentioned': 'other', 'message_length': 38}
2025-09-22 18:01:30 | INFO | {'message': 'I just saw game! It was exciting.', 'author': 'Charlie', 'timestamp': '2025-09-22 18:01:30', 'category': 'gaming', 'sentiment': 0.43, 'keyword_mentioned': 'game', 'message_length': 33}
2025-09-22 18:01:35 | INFO | {'message': 'I just loved a movie! It was boring.', 'author': 'Alice', 'timestamp': '2025-09-22 18:01:35', 'category': 'entertainment', 'sentiment': 0.55, 'keyword_mentioned': 'movie', 'message_length': 36}
2025-09-22 18:01:40 | INFO | {'message': 'I just saw a trick! It was weird.', 'author': 'Bob', 'timestamp': '2025-09-22 18:01:40', 'category': 'other', 'sentiment': 0.89, 'keyword_mentioned': 'other', 'message_length': 33}
2025-09-22 18:01:45 | INFO | {'message': 'I just shared a meme! It was funny.', 'author': 'Bob', 'timestamp': '2025-09-22 18:01:45', 'category': 'humor', 'sentiment': 0.95, 'keyword_mentioned': 'meme', 'message_length': 35}
2025-09-22 18:01:50 | INFO | {'message': 'I just shared a story! It was amazing.', 'author': 'Bob', 'timestamp': '2025-09-22 18:01:50', 'category': 'other', 'sentiment': 0.52, 'keyword_mentioned': 'other', 'message_length': 38}
2025-09-22 18:01:55 | INFO | {'message': 'I just tried a movie! It was boring.', 'author': 'Eve', 'timestamp': '2025-09-22 18:01:55', 'category': 'entertainment', 'sentiment': 0.8, 'keyword_mentioned': 'movie', 'message_length': 36}
2025-09-22 18:02:00 | INFO | {'message': 'I just loved a meme! It was boring.', 'author': 'Bob', 'timestamp': '2025-09-22 18:02:00', 'category': 'humor', 'sentiment': 0.74, 'keyword_mentioned': 'meme', 'message_length': 35}
2025-09-22 18:02:05 | INFO | {'message': 'I just tried a movie! It was exciting.', 'author': 'Eve', 'timestamp': '2025-09-22 18:02:05', 'category': 'entertainment', 'sentiment': 0.45, 'keyword_mentioned': 'movie', 'message_length': 38}
2025-09-22 18:02:10 | INFO | {'message': 'I just tried Python! It was funny.', 'author': 'Bob', 'timestamp': '2025-09-22 18:02:10', 'category': 'tech', 'sentiment': 0.39, 'keyword_mentioned': 'Python', 'message_length': 34}
2025-09-22 18:02:15 | INFO | {'message': 'I just saw a meme! It was exciting.', 'author': 'Bob', 'timestamp': '2025-09-22 18:02:15', 'category': 'humor', 'sentiment': 0.27, 'keyword_mentioned': 'meme', 'message_length': 35}
2025-09-22 18:02:20 | INFO | {'message': 'I just loved an app! It was amazing.', 'author': 'Alice', 'timestamp': '2025-09-22 18:02:20', 'category': 'other', 'sentiment': 0.72, 'keyword_mentioned': 'other', 'message_length': 36}
2025-09-22 18:02:25 | INFO | {'message': 'I just loved a trick! It was weird.', 'author': 'Bob', 'timestamp': '2025-09-22 18:02:25', 'category': 'other', 'sentiment': 0.17, 'keyword_mentioned': 'other', 'message_length': 35}
2025-09-22 18:02:30 | INFO | {'message': 'I just tried a meme! It was weird.', 'author': 'Charlie', 'timestamp': '2025-09-22 18:02:30', 'category': 'humor', 'sentiment': 0.28, 'keyword_mentioned': 'meme', 'message_length': 34}
2025-09-22 18:02:35 | INFO | {'message': 'I just loved a meme! It was boring.', 'author': 'Charlie', 'timestamp': '2025-09-22 18:02:35', 'category': 'humor', 'sentiment': 0.14, 'keyword_mentioned': 'meme', 'message_length': 35}
2025-09-22 18:02:40 | INFO | {'message': 'I just shared JavaScript! It was weird.', 'author': 'Eve', 'timestamp': '2025-09-22 18:02:40', 'category': 'tech', 'sentiment': 0.09, 'keyword_mentioned': 'JavaScript', 'message_length': 39}
2025-09-22 18:02:45 | INFO | {'message': 'I just saw a meme! It was amazing.', 'author': 'Alice', 'timestamp': '2025-09-22 18:02:45', 'category': 'humor', 'sentiment': 0.57, 'keyword_mentioned': 'meme', 'message_length': 34}
2025-09-22 18:02:50 | INFO | {'message': 'I just shared an app! It was exciting.', 'author': 'Bob', 'timestamp': '2025-09-22 18:02:50', 'category': 'other', 'sentiment': 0.62, 'keyword_mentioned': 'other', 'message_length': 38}
2025-09-22 18:02:55 | INFO | {'message': 'I just shared a movie! It was boring.', 'author': 'Alice', 'timestamp': '2025-09-22 18:02:55', 'category': 'entertainment', 'sentiment': 0.89, 'keyword_mentioned': 'movie', 'message_length': 37}
2025-09-22 18:03:00 | INFO | {'message': 'I just shared JavaScript! It was funny.', 'author': 'Alice', 'timestamp': '2025-09-22 18:03:00', 'category': 'tech', 'sentiment': 0.43, 'keyword_mentioned': 'JavaScript', 'message_length': 39}
2025-09-22 18:03:05 | INFO | {'message': 'I just tried travel! It was weird.', 'author': 'Eve', 'timestamp': '2025-09-22 18:03:05', 'category': 'travel', 'sentiment': 0.04, 'keyword_mentioned': 'travel', 'message_length': 34}
2025-09-22 18:03:10 | INFO | {'message': 'I just shared an app! It was boring.', 'author': 'Charlie', 'timestamp': '2025-09-22 18:03:10', 'category': 'other', 'sentiment': 0.04, 'keyword_mentioned': 'other', 'message_length': 36}
2025-09-22 18:03:15 | INFO | {'message': 'I just tried Python! It was boring.', 'author': 'Eve', 'timestamp': '2025-09-22 18:03:15', 'category': 'tech', 'sentiment': 0.17, 'keyword_mentioned': 'Python', 'message_length': 35}
2025-09-22 18:03:20 | INFO | {'message': 'I just loved travel! It was exciting.', 'author': 'Bob', 'timestamp': '2025-09-22 18:03:20', 'category': 'travel', 'sentiment': 0.65, 'keyword_mentioned': 'travel', 'message_length': 37}
2025-09-22 18:03:25 | INFO | {'message': 'I just tried travel! It was funny.', 'author': 'Alice', 'timestamp': '2025-09-22 18:03:25', 'category': 'travel', 'sentiment': 0.6, 'keyword_mentioned': 'travel', 'message_length': 34}
2025-09-22 18:03:30 | INFO | {'message': 'I just saw a trick! It was boring.', 'author': 'Eve', 'timestamp': '2025-09-22 18:03:30', 'category': 'other', 'sentiment': 0.68, 'keyword_mentioned': 'other', 'message_length': 34}
2025-09-22 18:03:35 | INFO | {'message': 'I just shared travel! It was amazing.', 'author': 'Charlie', 'timestamp': '2025-09-22 18:03:35', 'category': 'travel', 'sentiment': 0.04, 'keyword_mentioned': 'travel', 'message_length': 37}
2025-09-22 18:03:40 | INFO | {'message': 'I just loved travel! It was funny.', 'author': 'Alice', 'timestamp': '2025-09-22 18:03:40', 'category': 'travel', 'sentiment': 0.87, 'keyword_mentioned': 'travel', 'message_length': 34}
2025-09-22 18:03:45 | INFO | {'message': 'I just loved game! It was exciting.', 'author': 'Alice', 'timestamp': '2025-09-22 18:03:45', 'category': 'gaming', 'sentiment': 0.0, 'keyword_mentioned': 'game', 'message_length': 35}
2025-09-22 18:03:50 | INFO | {'message': 'I just found a trick! It was amazing.', 'author': 'Bob', 'timestamp': '2025-09-22 18:03:50', 'category': 'other', 'sentiment': 0.03, 'keyword_mentioned': 'other', 'message_length': 37}
2025-09-22 18:03:55 | INFO | {'message': 'I just tried a movie! It was amazing.', 'author': 'Eve', 'timestamp': '2025-09-22 18:03:55', 'category': 'entertainment', 'sentiment': 0.17, 'keyword_mentioned': 'movie', 'message_length': 37}
2025-09-22 18:04:00 | INFO | {'message': 'I just saw an app! It was funny.', 'author': 'Eve', 'timestamp': '2025-09-22 18:04:00', 'category': 'other', 'sentiment': 0.42, 'keyword_mentioned': 'other', 'message_length': 32}
2025-09-22 18:04:05 | INFO | {'message': 'I just loved Python! It was weird.', 'author': 'Charlie', 'timestamp': '2025-09-22 18:04:05', 'category': 'tech', 'sentiment': 0.13, 'keyword_mentioned': 'Python', 'message_length': 34}
2025-09-22 18:04:10 | INFO | {'message': 'I just saw game! It was exciting.', 'author': 'Charlie', 'timestamp': '2025-09-22 18:04:10', 'category': 'gaming', 'sentiment': 0.51, 'keyword_mentioned': 'game', 'message_length': 33}
2025-09-22 18:04:15 | INFO | {'message': 'I just found a trick! It was exciting.', 'author': 'Bob', 'timestamp': '2025-09-22 18:04:15', 'category': 'other', 'sentiment': 0.94, 'keyword_mentioned': 'other', 'message_length': 38}
2025-09-22 18:04:20 | INFO | {'message': 'I just shared game! It was weird.', 'author': 'Alice', 'timestamp': '2025-09-22 18:04:20', 'category': 'gaming', 'sentiment': 0.82, 'keyword_mentioned': 'game', 'message_length': 33}
2025-09-22 18:04:25 | INFO | {'message': 'I just found Python! It was weird.', 'author': 'Charlie', 'timestamp': '2025-09-22 18:04:25', 'category': 'tech', 'sentiment': 0.67, 'keyword_mentioned': 'Python', 'message_length': 34}
2025-09-22 18:04:30 | INFO | {'message': 'I just shared travel! It was boring.', 'author': 'Eve', 'timestamp': '2025-09-22 18:04:30', 'category': 'travel', 'sentiment': 0.36, 'keyword_mentioned': 'travel', 'message_length': 36}
2025-09-22 18:04:35 | INFO | {'message': 'I just tried travel! It was amazing.', 'author': 'Charlie', 'timestamp': '2025-09-22 18:04:35', 'category': 'travel', 'sentiment': 0.92, 'keyword_mentioned': 'travel', 'message_length': 36}
2025-09-22 18:04:40 | INFO | {'message': 'I just saw a movie! It was amazing.', 'author': 'Charlie', 'timestamp': '2025-09-22 18:04:40', 'category': 'entertainment', 'sentiment': 0.53, 'keyword_mentioned': 'movie', 'message_length': 35}
2025-09-22 18:04:45 | INFO | {'message': 'I just tried an app! It was amazing.', 'author': 'Alice', 'timestamp': '2025-09-22 18:04:45', 'category': 'other', 'sentiment': 0.83, 'keyword_mentioned': 'other', 'message_length': 36}
2025-09-22 18:04:50 | INFO | {'message': 'I just tried a story! It was amazing.', 'author': 'Alice', 'timestamp': '2025-09-22 18:04:50', 'category': 'other', 'sentiment': 0.21, 'keyword_mentioned': 'other', 'message_length': 37}
2025-09-22 18:04:55 | INFO | {'message': 'I just found a meme! It was amazing.', 'author': 'Eve', 'timestamp': '2025-09-22 18:04:55', 'category': 'humor', 'sentiment': 0.3, 'keyword_mentioned': 'meme', 'message_length': 36}
2025-09-22 18:05:00 | INFO | {'message': 'I just tried game! It was exciting.', 'author': 'Charlie', 'timestamp': '2025-09-22 18:05:00', 'category': 'gaming', 'sentiment': 0.59, 'keyword_mentioned': 'game', 'message_length': 35}
2025-09-22 18:05:05 | INFO | {'message': 'I just loved travel! It was weird.', 'author': 'Bob', 'timestamp': '2025-09-22 18:05:05', 'category': 'travel', 'sentiment': 0.63, 'keyword_mentioned': 'travel', 'message_length': 34}
2025-09-22 18:05:10 | INFO | {'message': 'I just found a trick! It was exciting.', 'author': 'Charlie', 'timestamp': '2025-09-22 18:05:10', 'category': 'other', 'sentiment': 0.12, 'keyword_mentioned': 'other', 'message_length': 38}
2025-09-22 18:05:15 | INFO | {'message': 'I just saw game! It was weird.', 'author': 'Bob', 'timestamp': '2025-09-22 18:05:15', 'category': 'gaming', 'sentiment': 0.11, 'keyword_mentioned': 'game', 'message_length': 30}
2025-09-22 18:05:20 | INFO | {'message': 'I just loved a trick! It was boring.', 'author': 'Charlie', 'timestamp': '2025-09-22 18:05:20', 'category': 'other', 'sentiment': 0.63, 'keyword_mentioned': 'other', 'message_length': 36}
2025-09-22 18:05:25 | INFO | {'message': 'I just shared an app! It was weird.', 'author': 'Charlie', 'timestamp': '2025-09-22 18:05:25', 'category': 'other', 'sentiment': 0.86, 'keyword_mentioned': 'other', 'message_length': 35}
2025-09-22 18:05:30 | INFO | {'message': 'I just saw an app! It was weird.', 'author': 'Eve', 'timestamp': '2025-09-22 18:05:30', 'category': 'other', 'sentiment': 0.6, 'keyword_mentioned': 'other', 'message_length': 32}
2025-09-22 18:05:35 | INFO | {'message': 'I just found Python! It was exciting.', 'author': 'Eve', 'timestamp': '2025-09-22 18:05:35', 'category': 'tech', 'sentiment': 0.68, 'keyword_mentioned': 'Python', 'message_length': 37}
2025-09-22 18:05:40 | INFO | {'message': 'I just tried recipe! It was funny.', 'author': 'Charlie', 'timestamp': '2025-09-22 18:05:40', 'category': 'food', 'sentiment': 0.9, 'keyword_mentioned': 'recipe', 'message_length': 34}
2025-09-22 18:05:45 | INFO | {'message': 'I just saw a story! It was funny.', 'author': 'Bob', 'timestamp': '2025-09-22 18:05:45', 'category': 'other', 'sentiment': 0.42, 'keyword_mentioned': 'other', 'message_length': 33}
2025-09-22 18:05:50 | INFO | {'message': 'I just saw travel! It was amazing.', 'author': 'Bob', 'timestamp': '2025-09-22 18:05:50', 'category': 'travel', 'sentiment': 0.23, 'keyword_mentioned': 'travel', 'message_length': 34}
2025-09-22 18:05:55 | INFO | {'message': 'I just saw game! It was amazing.', 'author': 'Alice', 'timestamp': '2025-09-22 18:05:55', 'category': 'gaming', 'sentiment': 0.55, 'keyword_mentioned': 'game', 'message_length': 32}
2025-09-22 18:06:00 | INFO | {'message': 'I just loved game! It was amazing.', 'author': 'Eve', 'timestamp': '2025-09-22 18:06:00', 'category': 'gaming', 'sentiment': 0.39, 'keyword_mentioned': 'game', 'message_length': 34}
2025-09-22 18:06:06 | INFO | {'message': 'I just saw a movie! It was boring.', 'author': 'Eve', 'timestamp': '2025-09-22 18:06:06', 'category': 'entertainment', 'sentiment': 0.96, 'keyword_mentioned': 'movie', 'message_length': 34}
2025-09-22 18:06:11 | INFO | {'message': 'I just tried JavaScript! It was boring.', 'author': 'Alice', 'timestamp': '2025-09-22 18:06:11', 'category': 'tech', 'sentiment': 0.75, 'keyword_mentioned': 'JavaScript', 'message_length': 39}
2025-09-22 18:06:16 | INFO | {'message': 'I just shared JavaScript! It was amazing.', 'author': 'Charlie', 'timestamp': '2025-09-22 18:06:16', 'category': 'tech', 'sentiment': 0.95, 'keyword_mentioned': 'JavaScript', 'message_length': 41}
2025-09-22 18:06:21 | INFO | {'message': 'I just saw Python! It was funny.', 'author': 'Charlie', 'timestamp': '2025-09-22 18:06:21', 'category': 'tech', 'sentiment': 0.97, 'keyword_mentioned': 'Python', 'message_length': 32}
2025-09-22 18:06:26 | INFO | {'message': 'I just found a meme! It was exciting.', 'author': 'Charlie', 'timestamp': '2025-09-22 18:06:26', 'category': 'humor', 'sentiment': 0.18, 'keyword_mentioned': 'meme', 'message_length': 37}
2025-09-22 18:06:31 | INFO | {'message': 'I just shared a meme! It was exciting.', 'author': 'Bob', 'timestamp': '2025-09-22 18:06:31', 'category': 'humor', 'sentiment': 0.77, 'keyword_mentioned': 'meme', 'message_length': 38}
2025-09-22 18:06:36 | INFO | {'message': 'I just shared a movie! It was funny.', 'author': 'Eve', 'timestamp': '2025-09-22 18:06:36', 'category': 'entertainment', 'sentiment': 0.49, 'keyword_mentioned': 'movie', 'message_length': 36}
2025-09-22 18:06:41 | INFO | {'message': 'I just found Python! It was boring.', 'author': 'Bob', 'timestamp': '2025-09-22 18:06:41', 'category': 'tech', 'sentiment': 0.9, 'keyword_mentioned': 'Python', 'message_length': 35}
2025-09-22 18:06:46 | INFO | {'message': 'I just saw travel! It was exciting.', 'author': 'Bob', 'timestamp': '2025-09-22 18:06:46', 'category': 'travel', 'sentiment': 0.8, 'keyword_mentioned': 'travel', 'message_length': 35}
2025-09-22 18:06:51 | INFO | {'message': 'I just loved a movie! It was boring.', 'author': 'Bob', 'timestamp': '2025-09-22 18:06:51', 'category': 'entertainment', 'sentiment': 0.1, 'keyword_mentioned': 'movie', 'message_length': 36}
2025-09-22 18:06:56 | INFO | {'message': 'I just saw game! It was funny.', 'author': 'Bob', 'timestamp': '2025-09-22 18:06:56', 'category': 'gaming', 'sentiment': 0.94, 'keyword_mentioned': 'game', 'message_length': 30}
2025-09-22 18:07:01 | INFO | {'message': 'I just saw travel! It was funny.', 'author': 'Alice', 'timestamp': '2025-09-22 18:07:01', 'category': 'travel', 'sentiment': 0.45, 'keyword_mentioned': 'travel', 'message_length': 32}
2025-09-22 18:07:06 | INFO | {'message': 'I just loved a movie! It was exciting.', 'author': 'Eve', 'timestamp': '2025-09-22 18:07:06', 'category': 'entertainment', 'sentiment': 0.12, 'keyword_mentioned': 'movie', 'message_length': 38}
2025-09-22 18:07:11 | INFO | {'message': 'I just shared a story! It was funny.', 'author': 'Bob', 'timestamp': '2025-09-22 18:07:11', 'category': 'other', 'sentiment': 0.82, 'keyword_mentioned': 'other', 'message_length': 36}
2025-09-22 18:07:16 | INFO | {'message': 'I just loved travel! It was boring.', 'author': 'Eve', 'timestamp': '2025-09-22 18:07:16', 'category': 'travel', 'sentiment': 0.89, 'keyword_mentioned': 'travel', 'message_length': 35}
2025-09-22 18:07:21 | INFO | {'message': 'I just tried a movie! It was boring.', 'author': 'Bob', 'timestamp': '2025-09-22 18:07:21', 'category': 'entertainment', 'sentiment': 0.57, 'keyword_mentioned': 'movie', 'message_length': 36}
2025-09-22 18:07:26 | INFO | {'message': 'I just loved recipe! It was amazing.', 'author': 'Eve', 'timestamp': '2025-09-22 18:07:26', 'category': 'food', 'sentiment': 0.33, 'keyword_mentioned': 'recipe', 'message_length': 36}
2025-09-22 18:07:31 | INFO | {'message': 'I just shared travel! It was amazing.', 'author': 'Eve', 'timestamp': '2025-09-22 18:07:31', 'category': 'travel', 'sentiment': 0.05, 'keyword_mentioned': 'travel', 'message_length': 37}
2025-09-22 18:07:36 | INFO | {'message': 'I just tried a story! It was amazing.', 'author': 'Alice', 'timestamp': '2025-09-22 18:07:36', 'category': 'other', 'sentiment': 0.51, 'keyword_mentioned': 'other', 'message_length': 37}
2025-09-22 18:07:41 | INFO | {'message': 'I just tried recipe! It was funny.', 'author': 'Eve', 'timestamp': '2025-09-22 18:07:41', 'category': 'food', 'sentiment': 0.73, 'keyword_mentioned': 'recipe', 'message_length': 34}
2025-09-22 18:07:46 | INFO | {'message': 'I just loved Python! It was funny.', 'author': 'Bob', 'timestamp': '2025-09-22 18:07:46', 'category': 'tech', 'sentiment': 0.68, 'keyword_mentioned': 'Python', 'message_length': 34}
2025-09-22 18:07:51 | INFO | {'message': 'I just saw Python! It was amazing.', 'author': 'Alice', 'timestamp': '2025-09-22 18:07:51', 'category': 'tech', 'sentiment': 0.75, 'keyword_mentioned': 'Python', 'message_length': 34}
2025-09-22 18:07:56 | INFO | {'message': 'I just tried a trick! It was funny.', 'author': 'Eve', 'timestamp': '2025-09-22 18:07:56', 'category': 'other', 'sentiment': 0.71, 'keyword_mentioned': 'other', 'message_length': 35}
2025-09-22 18:08:01 | INFO | {'message': 'I just saw a trick! It was exciting.', 'author': 'Bob', 'timestamp': '2025-09-22 18:08:01', 'category': 'other', 'sentiment': 0.33, 'keyword_mentioned': 'other', 'message_length': 36}
2025-09-22 18:08:06 | INFO | {'message': 'I just found recipe! It was exciting.', 'author': 'Alice', 'timestamp': '2025-09-22 18:08:06', 'category': 'food', 'sentiment': 0.24, 'keyword_mentioned': 'recipe', 'message_length': 37}
2025-09-22 18:08:11 | INFO | {'message': 'I just saw game! It was amazing.', 'author': 'Alice', 'timestamp': '2025-09-22 18:08:11', 'category': 'gaming', 'sentiment': 0.11, 'keyword_mentioned': 'game', 'message_length': 32}
2025-09-22 18:08:16 | INFO | {'message': 'I just loved a meme! It was exciting.', 'author': 'Bob', 'timestamp': '2025-09-22 18:08:16', 'category': 'humor', 'sentiment': 0.95, 'keyword_mentioned': 'meme', 'message_length': 37}
2025-09-22 18:08:21 | INFO | {'message': 'I just saw recipe! It was weird.', 'author': 'Bob', 'timestamp': '2025-09-22 18:08:21', 'category': 'food', 'sentiment': 0.7, 'keyword_mentioned': 'recipe', 'message_length': 32}
2025-09-22 18:08:26 | INFO | {'message': 'I just shared an app! It was funny.', 'author': 'Alice', 'timestamp': '2025-09-22 18:08:26', 'category': 'other', 'sentiment': 0.58, 'keyword_mentioned': 'other', 'message_length': 35}
2025-09-22 18:08:31 | INFO | {'message': 'I just tried game! It was exciting.', 'author': 'Eve', 'timestamp': '2025-09-22 18:08:31', 'category': 'gaming', 'sentiment': 0.2, 'keyword_mentioned': 'game', 'message_length': 35}
2025-09-22 18:08:36 | INFO | {'message': 'I just saw recipe! It was exciting.', 'author': 'Bob', 'timestamp': '2025-09-22 18:08:36', 'category': 'food', 'sentiment': 0.2, 'keyword_mentioned': 'recipe', 'message_length': 35}
2025-09-22 18:08:41 | INFO | {'message': 'I just tried a trick! It was funny.', 'author': 'Eve', 'timestamp': '2025-09-22 18:08:41', 'category': 'other', 'sentiment': 0.97, 'keyword_mentioned': 'other', 'message_length': 35}
2025-09-22 18:08:46 | INFO | {'message': 'I just found a story! It was weird.', 'author': 'Charlie', 'timestamp': '2025-09-22 18:08:46', 'category': 'other', 'sentiment': 0.15, 'keyword_mentioned': 'other', 'message_length': 35}
2025-09-22 18:08:51 | INFO | {'message': 'I just loved a movie! It was exciting.', 'author': 'Charlie', 'timestamp': '2025-09-22 18:08:51', 'category': 'entertainment', 'sentiment': 0.49, 'keyword_mentioned': 'movie', 'message_length': 38}
2025-09-22 18:08:56 | INFO | {'message': 'I just shared a meme! It was amazing.', 'author': 'Charlie', 'timestamp': '2025-09-22 18:08:56', 'category': 'humor', 'sentiment': 0.81, 'keyword_mentioned': 'meme', 'message_length': 37}
2025-09-22 18:09:01 | INFO | {'message': 'I just found an app! It was exciting.', 'author': 'Alice', 'timestamp': '2025-09-22 18:09:01', 'category': 'other', 'sentiment': 0.92, 'keyword_mentioned': 'other', 'message_length': 37}
2025-09-22 18:09:06 | INFO | {'message': 'I just found a meme! It was exciting.', 'author': 'Eve', 'timestamp': '2025-09-22 18:09:06', 'category': 'humor', 'sentiment': 0.88, 'keyword_mentioned': 'meme', 'message_length': 37}
2025-09-22 18:09:11 | INFO | {'message': 'I just loved recipe! It was boring.', 'author': 'Alice', 'timestamp': '2025-09-22 18:09:11', 'category': 'food', 'sentiment': 0.98, 'keyword_mentioned': 'recipe', 'message_length': 35}
2025-09-22 18:09:16 | INFO | {'message': 'I just found Python! It was exciting.', 'author': 'Eve', 'timestamp': '2025-09-22 18:09:16', 'category': 'tech', 'sentiment': 0.31, 'keyword_mentioned': 'Python', 'message_length': 37}
2025-09-22 18:09:21 | INFO | {'message': 'I just tried a movie! It was funny.', 'author': 'Alice', 'timestamp': '2025-09-22 18:09:21', 'category': 'entertainment', 'sentiment': 0.2, 'keyword_mentioned': 'movie', 'message_length': 35}
2025-09-22 18:09:26 | INFO | {'message': 'I just saw Python! It was funny.', 'author': 'Charlie', 'timestamp': '2025-09-22 18:09:26', 'category': 'tech', 'sentiment': 0.18, 'keyword_mentioned': 'Python', 'message_length': 32}
2025-09-22 18:09:31 | INFO | {'message': 'I just shared travel! It was boring.', 'author': 'Bob', 'timestamp': '2025-09-22 18:09:31', 'category': 'travel', 'sentiment': 0.45, 'keyword_mentioned': 'travel', 'message_length': 36}
2025-09-22 18:09:36 | INFO | {'message': 'I just tried a trick! It was weird.', 'author': 'Charlie', 'timestamp': '2025-09-22 18:09:36', 'category': 'other', 'sentiment': 0.11, 'keyword_mentioned': 'other', 'message_length': 35}
2025-09-22 18:09:41 | INFO | {'message': 'I just loved a story! It was boring.', 'author': 'Charlie', 'timestamp': '2025-09-22 18:09:41', 'category': 'other', 'sentiment': 0.88, 'keyword_mentioned': 'other', 'message_length': 36}
2025-09-22 18:09:46 | INFO | {'message': 'I just found a movie! It was weird.', 'author': 'Charlie', 'timestamp': '2025-09-22 18:09:46', 'category': 'entertainment', 'sentiment': 0.87, 'keyword_mentioned': 'movie', 'message_length': 35}
2025-09-22 18:09:51 | INFO | {'message': 'I just shared Python! It was weird.', 'author': 'Alice', 'timestamp': '2025-09-22 18:09:51', 'category': 'tech', 'sentiment': 0.88, 'keyword_mentioned': 'Python', 'message_length': 35}
2025-09-22 18:09:56 | INFO | {'message': 'I just saw Python! It was exciting.', 'author': 'Alice', 'timestamp': '2025-09-22 18:09:56', 'category': 'tech', 'sentiment': 0.04, 'keyword_mentioned': 'Python', 'message_length': 35}
2025-09-22 18:43:32 | INFO | {'message': 'I just tried travel! It was boring.', 'author': 'Bob', 'timestamp': '2025-09-22 18:43:32', 'category': 'travel', 'sentiment': 0.93, 'keyword_mentioned': 'travel', 'message_length': 35}
2025-09-22 18:43:37 | INFO | {'message': 'I just shared recipe! It was amazing.', 'author': 'Bob', 'timestamp': '2025-09-22 18:43:37', 'category': 'food', 'sentiment': 0.73, 'keyword_mentioned': 'recipe', 'message_length': 37}
2025-09-22 18:43:42 | INFO | {'message': 'I just found an app! It was funny.', 'author': 'Eve', 'timestamp': '2025-09-22 18:43:42', 'category': 'other', 'sentiment': 0.17, 'keyword_mentioned': 'other', 'message_length': 34}
2025-09-22 18:43:47 | INFO | {'message': 'I just loved travel! It was weird.', 'author': 'Charlie', 'timestamp': '2025-09-22 18:43:47', 'category': 'travel', 'sentiment': 0.69, 'keyword_mentioned': 'travel', 'message_length': 34}
2025-09-22 18:43:52 | INFO | {'message': 'I just saw JavaScript! It was exciting.', 'author': 'Alice', 'timestamp': '2025-09-22 18:43:52', 'category': 'tech', 'sentiment': 0.73, 'keyword_mentioned': 'JavaScript', 'message_length': 39}
2025-09-22 18:43:57 | INFO | {'message': 'I just saw a movie! It was weird.', 'author': 'Alice', 'timestamp': '2025-09-22 18:43:57', 'category': 'entertainment', 'sentiment': 0.78, 'keyword_mentioned': 'movie', 'message_length': 33}
2025-09-22 18:44:02 | INFO | {'message': 'I just loved a trick! It was boring.', 'author': 'Bob', 'timestamp': '2025-09-22 18:44:02', 'category': 'other', 'sentiment': 0.27, 'keyword_mentioned': 'other', 'message_length': 36}
2025-09-22 18:44:07 | INFO | {'message': 'I just shared a meme! It was funny.', 'author': 'Bob', 'timestamp': '2025-09-22 18:44:07', 'category': 'humor', 'sentiment': 0.69, 'keyword_mentioned': 'meme', 'message_length': 35}
2025-09-22 18:44:12 | INFO | {'message': 'I just shared recipe! It was exciting.', 'author': 'Charlie', 'timestamp': '2025-09-22 18:44:12', 'category': 'food', 'sentiment': 0.95, 'keyword_mentioned': 'recipe', 'message_length': 38}
2025-09-22 18:44:18 | INFO | {'message': 'I just loved an app! It was weird.', 'author': 'Bob', 'timestamp': '2025-09-22 18:44:18', 'category': 'other', 'sentiment': 0.38, 'keyword_mentioned': 'other', 'message_length': 34}
2025-09-22 18:44:23 | INFO | {'message': 'I just shared a trick! It was boring.', 'author': 'Alice', 'timestamp': '2025-09-22 18:44:23', 'category': 'other', 'sentiment': 0.83, 'keyword_mentioned': 'other', 'message_length': 37}
2025-09-22 18:44:28 | INFO | {'message': 'I just tried a story! It was boring.', 'author': 'Eve', 'timestamp': '2025-09-22 18:44:28', 'category': 'other', 'sentiment': 0.61, 'keyword_mentioned': 'other', 'message_length': 36}
2025-09-22 18:44:33 | INFO | {'message': 'I just found a meme! It was amazing.', 'author': 'Eve', 'timestamp': '2025-09-22 18:44:33', 'category': 'humor', 'sentiment': 0.45, 'keyword_mentioned': 'meme', 'message_length': 36}
2025-09-22 18:44:38 | INFO | {'message': 'I just found a movie! It was amazing.', 'author': 'Charlie', 'timestamp': '2025-09-22 18:44:38', 'category': 'entertainment', 'sentiment': 0.39, 'keyword_mentioned': 'movie', 'message_length': 37}
2025-09-22 18:44:43 | INFO | {'message': 'I just tried a movie! It was weird.', 'author': 'Bob', 'timestamp': '2025-09-22 18:44:43', 'category': 'entertainment', 'sentiment': 0.4, 'keyword_mentioned': 'movie', 'message_length': 35}
2025-09-22 18:44:48 | INFO | {'message': 'I just tried a trick! It was funny.', 'author': 'Eve', 'timestamp': '2025-09-22 18:44:48', 'category': 'other', 'sentiment': 0.96, 'keyword_mentioned': 'other', 'message_length': 35}
2025-09-22 18:44:53 | INFO | {'message': 'I just saw Python! It was amazing.', 'author': 'Bob', 'timestamp': '2025-09-22 18:44:53', 'category': 'tech', 'sentiment': 0.65, 'keyword_mentioned': 'Python', 'message_length': 34}
2025-09-22 18:44:58 | INFO | {'message': 'I just found a meme! It was weird.', 'author': 'Bob', 'timestamp': '2025-09-22 18:44:58', 'category': 'humor', 'sentiment': 0.13, 'keyword_mentioned': 'meme', 'message_length': 34}
2025-09-22 18:45:03 | INFO | {'message': 'I just saw travel! It was boring.', 'author': 'Bob', 'timestamp': '2025-09-22 18:45:03', 'category': 'travel', 'sentiment': 0.42, 'keyword_mentioned': 'travel', 'message_length': 33}
2025-09-22 18:45:08 | INFO | {'message': 'I just tried an app! It was weird.', 'author': 'Charlie', 'timestamp': '2025-09-22 18:45:08', 'category': 'other', 'sentiment': 0.39, 'keyword_mentioned': 'other', 'message_length': 34}
2025-09-22 18:45:13 | INFO | {'message': 'I just loved travel! It was exciting.', 'author': 'Eve', 'timestamp': '2025-09-22 18:45:13', 'category': 'travel', 'sentiment': 0.88, 'keyword_mentioned': 'travel', 'message_length': 37}
2025-09-22 18:45:18 | INFO | {'message': 'I just tried travel! It was funny.', 'author': 'Bob', 'timestamp': '2025-09-22 18:45:18', 'category': 'travel', 'sentiment': 0.03, 'keyword_mentioned': 'travel', 'message_length': 34}
2025-09-22 18:45:23 | INFO | {'message': 'I just loved a meme! It was weird.', 'author': 'Bob', 'timestamp': '2025-09-22 18:45:23', 'category': 'humor', 'sentiment': 0.67, 'keyword_mentioned': 'meme', 'message_length': 34}
2025-09-22 18:45:28 | INFO | {'message': 'I just shared recipe! It was exciting.', 'author': 'Eve', 'timestamp': '2025-09-22 18:45:28', 'category': 'food', 'sentiment': 0.78, 'keyword_mentioned': 'recipe', 'message_length': 38}
2025-09-22 18:45:33 | INFO | {'message': 'I just loved Python! It was boring.', 'author': 'Eve', 'timestamp': '2025-09-22 18:45:33', 'category': 'tech', 'sentiment': 0.61, 'keyword_mentioned': 'Python', 'message_length': 35}
2025-09-22 18:45:38 | INFO | {'message': 'I just loved an app! It was weird.', 'author': 'Charlie', 'timestamp': '2025-09-22 18:45:38', 'category': 'other', 'sentiment': 0.79, 'keyword_mentioned': 'other', 'message_length': 34}
2025-09-22 18:45:43 | INFO | {'message': 'I just found travel! It was weird.', 'author': 'Charlie', 'timestamp': '2025-09-22 18:45:43', 'category': 'travel', 'sentiment': 0.75, 'keyword_mentioned': 'travel', 'message_length': 34}
2025-09-22 18:45:48 | INFO | {'message': 'I just saw Python! It was funny.', 'author': 'Charlie', 'timestamp': '2025-09-22 18:45:48', 'category': 'tech', 'sentiment': 0.58, 'keyword_mentioned': 'Python', 'message_length': 32}
2025-09-22 18:45:53 | INFO | {'message': 'I just found a trick! It was amazing.', 'author': 'Bob', 'timestamp': '2025-09-22 18:45:53', 'category': 'other', 'sentiment': 0.72, 'keyword_mentioned': 'other', 'message_length': 37}
2025-09-22 18:45:58 | INFO | {'message': 'I just shared an app! It was weird.', 'author': 'Alice', 'timestamp': '2025-09-22 18:45:58', 'category': 'other', 'sentiment': 0.74, 'keyword_mentioned': 'other', 'message_length': 35}
2025-09-22 18:46:03 | INFO | {'message': 'I just shared a story! It was funny.', 'author': 'Alice', 'timestamp': '2025-09-22 18:46:03', 'category': 'other', 'sentiment': 0.96, 'keyword_mentioned': 'other', 'message_length': 36}
2025-09-22 18:46:08 | INFO | {'message': 'I just loved Python! It was exciting.', 'author': 'Bob', 'timestamp': '2025-09-22 18:46:08', 'category': 'tech', 'sentiment': 0.35, 'keyword_mentioned': 'Python', 'message_length': 37}
2025-09-22 18:46:13 | INFO | {'message': 'I just found a meme! It was amazing.', 'author': 'Alice', 'timestamp': '2025-09-22 18:46:13', 'category': 'humor', 'sentiment': 0.16, 'keyword_mentioned': 'meme', 'message_length': 36}
2025-09-22 18:46:18 | INFO | {'message': 'I just saw a story! It was amazing.', 'author': 'Alice', 'timestamp': '2025-09-22 18:46:18', 'category': 'other', 'sentiment': 0.69, 'keyword_mentioned': 'other', 'message_length': 35}
2025-09-22 18:46:23 | INFO | {'message': 'I just found an app! It was weird.', 'author': 'Eve', 'timestamp': '2025-09-22 18:46:23', 'category': 'other', 'sentiment': 0.64, 'keyword_mentioned': 'other', 'message_length': 34}
2025-09-22 18:46:28 | INFO | {'message': 'I just shared a trick! It was weird.', 'author': 'Charlie', 'timestamp': '2025-09-22 18:46:28', 'category': 'other', 'sentiment': 0.98, 'keyword_mentioned': 'other', 'message_length': 36}
2025-09-22 18:46:33 | INFO | {'message': 'I just shared game! It was funny.', 'author': 'Bob', 'timestamp': '2025-09-22 18:46:33', 'category': 'gaming', 'sentiment': 0.51, 'keyword_mentioned': 'game', 'message_length': 33}
2025-09-22 18:46:38 | INFO | {'message': 'I just shared a story! It was amazing.', 'author': 'Charlie', 'timestamp': '2025-09-22 18:46:38', 'category': 'other', 'sentiment': 0.34, 'keyword_mentioned': 'other', 'message_length': 38}
2025-09-22 18:46:43 | INFO | {'message': 'I just saw a trick! It was funny.', 'author': 'Bob', 'timestamp': '2025-09-22 18:46:43', 'category': 'other', 'sentiment': 0.58, 'keyword_mentioned': 'other', 'message_length': 33}
2025-09-22 18:46:48 | INFO | {'message': 'I just tried an app! It was funny.', 'author': 'Bob', 'timestamp': '2025-09-22 18:46:48', 'category': 'other', 'sentiment': 0.7, 'keyword_mentioned': 'other', 'message_length': 34}
2025-09-22 18:46:53 | INFO | {'message': 'I just found a story! It was amazing.', 'author': 'Charlie', 'timestamp': '2025-09-22 18:46:53', 'category': 'other', 'sentiment': 0.42, 'keyword_mentioned': 'other', 'message_length': 37}
2025-09-22 18:46:58 | INFO | {'message': 'I just tried JavaScript! It was funny.', 'author': 'Charlie', 'timestamp': '2025-09-22 18:46:58', 'category': 'tech', 'sentiment': 0.76, 'keyword_mentioned': 'JavaScript', 'message_length': 38}
2025-09-22 18:47:03 | INFO | {'message': 'I just saw a trick! It was exciting.', 'author': 'Alice', 'timestamp': '2025-09-22 18:47:03', 'category': 'other', 'sentiment': 0.16, 'keyword_mentioned': 'other', 'message_length': 36}
2025-09-22 18:47:08 | INFO | {'message': 'I just tried a trick! It was funny.', 'author': 'Eve', 'timestamp': '2025-09-22 18:47:08', 'category': 'other', 'sentiment': 0.95, 'keyword_mentioned': 'other', 'message_length': 35}
2025-09-22 18:47:13 | INFO | {'message': 'I just shared a story! It was exciting.', 'author': 'Eve', 'timestamp': '2025-09-22 18:47:13', 'category': 'other', 'sentiment': 0.18, 'keyword_mentioned': 'other', 'message_length': 39}
2025-09-22 18:47:18 | INFO | {'message': 'I just loved an app! It was weird.', 'author': 'Bob', 'timestamp': '2025-09-22 18:47:18', 'category': 'other', 'sentiment': 0.94, 'keyword_mentioned': 'other', 'message_length': 34}
2025-09-22 18:47:23 | INFO | {'message': 'I just saw a movie! It was exciting.', 'author': 'Bob', 'timestamp': '2025-09-22 18:47:23', 'category': 'entertainment', 'sentiment': 0.09, 'keyword_mentioned': 'movie', 'message_length': 36}
2025-09-22 18:47:28 | INFO | {'message': 'I just saw JavaScript! It was exciting.', 'author': 'Charlie', 'timestamp': '2025-09-22 18:47:28', 'category': 'tech', 'sentiment': 0.2, 'keyword_mentioned': 'JavaScript', 'message_length': 39}
2025-09-22 18:47:33 | INFO | {'message': 'I just tried travel! It was amazing.', 'author': 'Alice', 'timestamp': '2025-09-22 18:47:33', 'category': 'travel', 'sentiment': 0.79, 'keyword_mentioned': 'travel', 'message_length': 36}
2025-09-22 18:47:38 | INFO | {'message': 'I just shared a movie! It was funny.', 'author': 'Alice', 'timestamp': '2025-09-22 18:47:38', 'category': 'entertainment', 'sentiment': 0.82, 'keyword_mentioned': 'movie', 'message_length': 36}
2025-09-22 18:47:43 | INFO | {'message': 'I just loved recipe! It was weird.', 'author': 'Alice', 'timestamp': '2025-09-22 18:47:43', 'category': 'food', 'sentiment': 0.69, 'keyword_mentioned': 'recipe', 'message_length': 34}
2025-09-22 18:47:48 | INFO | {'message': 'I just saw Python! It was funny.', 'author': 'Bob', 'timestamp': '2025-09-22 18:47:48', 'category': 'tech', 'sentiment': 0.95, 'keyword_mentioned': 'Python', 'message_length': 32}
2025-09-22 18:47:53 | INFO | {'message': 'I just found a trick! It was boring.', 'author': 'Charlie', 'timestamp': '2025-09-22 18:47:53', 'category': 'other', 'sentiment': 0.93, 'keyword_mentioned': 'other', 'message_length': 36}
2025-09-22 18:47:58 | INFO | {'message': 'I just tried a story! It was boring.', 'author': 'Eve', 'timestamp': '2025-09-22 18:47:58', 'category': 'other', 'sentiment': 0.07, 'keyword_mentioned': 'other', 'message_length': 36}
2025-09-22 18:48:03 | INFO | {'message': 'I just tried a movie! It was weird.', 'author': 'Charlie', 'timestamp': '2025-09-22 18:48:03', 'category': 'entertainment', 'sentiment': 0.61, 'keyword_mentioned': 'movie', 'message_length': 35}
2025-09-22 18:48:08 | INFO | {'message': 'I just found a trick! It was funny.', 'author': 'Alice', 'timestamp': '2025-09-22 18:48:08', 'category': 'other', 'sentiment': 0.21, 'keyword_mentioned': 'other', 'message_length': 35}
2025-09-22 18:48:13 | INFO | {'message': 'I just loved a meme! It was exciting.', 'author': 'Eve', 'timestamp': '2025-09-22 18:48:13', 'category': 'humor', 'sentiment': 0.14, 'keyword_mentioned': 'meme', 'message_length': 37}
2025-09-22 18:48:18 | INFO | {'message': 'I just saw JavaScript! It was boring.', 'author': 'Eve', 'timestamp': '2025-09-22 18:48:18', 'category': 'tech', 'sentiment': 0.35, 'keyword_mentioned': 'JavaScript', 'message_length': 37}
2025-09-22 18:48:23 | INFO | {'message': 'I just loved game! It was boring.', 'author': 'Eve', 'timestamp': '2025-09-22 18:48:23', 'category': 'gaming', 'sentiment': 0.1, 'keyword_mentioned': 'game', 'message_length': 33}
2025-09-22 18:48:28 | INFO | {'message': 'I just found recipe! It was boring.', 'author': 'Alice', 'timestamp': '2025-09-22 18:48:28', 'category': 'food', 'sentiment': 0.26, 'keyword_mentioned': 'recipe', 'message_length': 35}
2025-09-22 18:48:33 | INFO | {'message': 'I just shared a story! It was weird.', 'author': 'Charlie', 'timestamp': '2025-09-22 18:48:33', 'category': 'other', 'sentiment': 0.23, 'keyword_mentioned': 'other', 'message_length': 36}
2025-09-22 18:48:38 | INFO | {'message': 'I just tried travel! It was funny.', 'author': 'Charlie', 'timestamp': '2025-09-22 18:48:38', 'category': 'travel', 'sentiment': 0.96, 'keyword_mentioned': 'travel', 'message_length': 34}
2025-09-22 18:48:43 | INFO | {'message': 'I just saw an app! It was amazing.', 'author': 'Eve', 'timestamp': '2025-09-22 18:48:43', 'category': 'other', 'sentiment': 0.77, 'keyword_mentioned': 'other', 'message_length': 34}
2025-09-22 18:48:48 | INFO | {'message': 'I just tried a story! It was funny.', 'author': 'Charlie', 'timestamp': '2025-09-22 18:48:48', 'category': 'other', 'sentiment': 0.65, 'keyword_mentioned': 'other', 'message_length': 35}
2025-09-22 18:48:53 | INFO | {'message': 'I just loved game! It was exciting.', 'author': 'Bob', 'timestamp': '2025-09-22 18:48:53', 'category': 'gaming', 'sentiment': 0.87, 'keyword_mentioned': 'game', 'message_length': 35}
2025-09-22 18:48:58 | INFO | {'message': 'I just tried a trick! It was amazing.', 'author': 'Eve', 'timestamp': '2025-09-22 18:48:58', 'category': 'other', 'sentiment': 0.34, 'keyword_mentioned': 'other', 'message_length': 37}
2025-09-22 18:49:03 | INFO | {'message': 'I just tried a story! It was boring.', 'author': 'Alice', 'timestamp': '2025-09-22 18:49:03', 'category': 'other', 'sentiment': 0.89, 'keyword_mentioned': 'other', 'message_length': 36}
2025-09-22 18:49:08 | INFO | {'message': 'I just loved recipe! It was exciting.', 'author': 'Alice', 'timestamp': '2025-09-22 18:49:08', 'category': 'food', 'sentiment': 0.77, 'keyword_mentioned': 'recipe', 'message_length': 37}
2025-09-22 18:49:13 | INFO | {'message': 'I just saw a movie! It was funny.', 'author': 'Alice', 'timestamp': '2025-09-22 18:49:13', 'category': 'entertainment', 'sentiment': 0.18, 'keyword_mentioned': 'movie', 'message_length': 33}
2025-09-22 18:49:18 | INFO | {'message': 'I just tried a trick! It was funny.', 'author': 'Eve', 'timestamp': '2025-09-22 18:49:18', 'category': 'other', 'sentiment': 0.82, 'keyword_mentioned': 'other', 'message_length': 35}
2025-09-22 18:49:23 | INFO | {'message': 'I just loved recipe! It was amazing.', 'author': 'Eve', 'timestamp': '2025-09-22 18:49:23', 'category': 'food', 'sentiment': 0.16, 'keyword_mentioned': 'recipe', 'message_length': 36}
2025-09-22 18:49:28 | INFO | {'message': 'I just shared a story! It was funny.', 'author': 'Alice', 'timestamp': '2025-09-22 18:49:28', 'category': 'other', 'sentiment': 0.54, 'keyword_mentioned': 'other', 'message_length': 36}
2025-09-22 18:49:33 | INFO | {'message': 'I just loved recipe! It was funny.', 'author': 'Alice', 'timestamp': '2025-09-22 18:49:33', 'category': 'food', 'sentiment': 0.62, 'keyword_mentioned': 'recipe', 'message_length': 34}
2025-09-22 18:49:38 | INFO | {'message': 'I just saw an app! It was exciting.', 'author': 'Eve', 'timestamp': '2025-09-22 18:49:38', 'category': 'other', 'sentiment': 0.26, 'keyword_mentioned': 'other', 'message_length': 35}
2025-09-22 18:49:43 | INFO | {'message': 'I just found a meme! It was exciting.', 'author': 'Alice', 'timestamp': '2025-09-22 18:49:43', 'category': 'humor', 'sentiment': 0.38, 'keyword_mentioned': 'meme', 'message_length': 37}
2025-09-22 18:49:48 | INFO | {'message': 'I just found a movie! It was funny.', 'author': 'Alice', 'timestamp': '2025-09-22 18:49:48', 'category': 'entertainment', 'sentiment': 0.79, 'keyword_mentioned': 'movie', 'message_length': 35}
2025-09-23 15:57:35 | INFO | Logging to file: logs/project_log.log
2025-09-23 15:57:35 | INFO | Log sanitization enabled, personal info removed
2025-09-23 15:57:44 | INFO | Logging to file: logs/project_log.log
2025-09-23 15:57:44 | INFO | Log sanitization enabled, personal info removed
2025-09-23 15:58:05 | INFO | Logging to file: logs/project_log.log
2025-09-23 15:58:05 | INFO | Log sanitization enabled, personal info removed
2025-09-23 15:58:06 | INFO | Starting Producer to run continuously.
2025-09-23 15:58:06 | INFO | Use Ctrl+C to stop.
2025-09-23 15:58:06 | INFO | MESSAGE_INTERVAL_SECONDS: 5
2025-09-23 15:58:06 | INFO | BUZZ_TOPIC: buzzline
2025-09-23 15:58:06 | INFO | KAFKA_BROKER_ADDRESS: 127.0.0.1:9092
2025-09-23 15:58:06 | INFO | BASE_DATA_DIR: C:/Users/USER/buzzline-05-kabore/data
2025-09-23 15:58:06 | INFO | LIVE_DATA_PATH: C:/Users/USER/buzzline-05-kabore/data/project_live.json
2025-09-23 15:58:06 | INFO | BASE_DATA_DIR: C:/Users/USER/buzzline-05-kabore/data
2025-09-23 15:58:06 | INFO | SQLITE_PATH: C:/Users/USER/buzzline-05-kabore/data/buzz.sqlite
2025-09-23 15:58:06 | INFO | Deleted existing live data file.
2025-09-23 15:58:06 | INFO | Kafka broker address: localhost:9092
2025-09-23 15:58:08 | ERROR | Error checking Kafka: NoBrokersAvailable
2025-09-23 15:58:08 | WARNING | Kafka broker not available; continuing without Kafka.
2025-09-23 15:58:08 | INFO | Kafka disabled for this run.
2025-09-23 15:58:08 | INFO | {'message': 'I just found Python! It was funny.', 'author': 'Bob', 'timestamp': '2025-09-23 15:58:08', 'category': 'tech', 'sentiment': 0.3, 'keyword_mentioned': 'Python', 'message_length': 34}
2025-09-23 15:58:13 | INFO | {'message': 'I just found a meme! It was weird.', 'author': 'Charlie', 'timestamp': '2025-09-23 15:58:13', 'category': 'humor', 'sentiment': 0.1, 'keyword_mentioned': 'meme', 'message_length': 34}
2025-09-23 15:58:18 | INFO | {'message': 'I just found a story! It was exciting.', 'author': 'Alice', 'timestamp': '2025-09-23 15:58:18', 'category': 'other', 'sentiment': 0.88, 'keyword_mentioned': 'other', 'message_length': 38}
2025-09-23 15:58:23 | INFO | {'message': 'I just saw a trick! It was funny.', 'author': 'Charlie', 'timestamp': '2025-09-23 15:58:23', 'category': 'other', 'sentiment': 0.86, 'keyword_mentioned': 'other', 'message_length': 33}
2025-09-23 15:58:28 | INFO | {'message': 'I just found a movie! It was funny.', 'author': 'Charlie', 'timestamp': '2025-09-23 15:58:28', 'category': 'entertainment', 'sentiment': 0.92, 'keyword_mentioned': 'movie', 'message_length': 35}
2025-09-23 15:58:33 | INFO | {'message': 'I just shared an app! It was boring.', 'author': 'Charlie', 'timestamp': '2025-09-23 15:58:33', 'category': 'other', 'sentiment': 0.12, 'keyword_mentioned': 'other', 'message_length': 36}
2025-09-23 15:58:38 | INFO | {'message': 'I just found JavaScript! It was weird.', 'author': 'Charlie', 'timestamp': '2025-09-23 15:58:38', 'category': 'tech', 'sentiment': 0.88, 'keyword_mentioned': 'JavaScript', 'message_length': 38}
2025-09-23 15:58:43 | INFO | {'message': 'I just saw a meme! It was exciting.', 'author': 'Alice', 'timestamp': '2025-09-23 15:58:43', 'category': 'humor', 'sentiment': 0.59, 'keyword_mentioned': 'meme', 'message_length': 35}
2025-09-23 15:58:48 | INFO | {'message': 'I just shared a story! It was weird.', 'author': 'Eve', 'timestamp': '2025-09-23 15:58:48', 'category': 'other', 'sentiment': 0.6, 'keyword_mentioned': 'other', 'message_length': 36}
2025-09-23 15:58:53 | INFO | {'message': 'I just saw a trick! It was weird.', 'author': 'Bob', 'timestamp': '2025-09-23 15:58:53', 'category': 'other', 'sentiment': 0.12, 'keyword_mentioned': 'other', 'message_length': 33}
2025-09-23 15:58:58 | INFO | {'message': 'I just found travel! It was boring.', 'author': 'Bob', 'timestamp': '2025-09-23 15:58:58', 'category': 'travel', 'sentiment': 0.82, 'keyword_mentioned': 'travel', 'message_length': 35}
2025-09-23 15:59:03 | INFO | {'message': 'I just tried recipe! It was funny.', 'author': 'Alice', 'timestamp': '2025-09-23 15:59:03', 'category': 'food', 'sentiment': 0.46, 'keyword_mentioned': 'recipe', 'message_length': 34}
2025-09-23 15:59:08 | INFO | {'message': 'I just saw a movie! It was boring.', 'author': 'Charlie', 'timestamp': '2025-09-23 15:59:08', 'category': 'entertainment', 'sentiment': 0.46, 'keyword_mentioned': 'movie', 'message_length': 34}
